02-Jan-2021 15:45:00.624 信息 [main] org.apache.catalina.startup.VersionLoggerListener.log Server.服务器版本: Apache Tomcat/9.0.41
02-Jan-2021 15:45:00.733 信息 [main] org.apache.catalina.startup.VersionLoggerListener.log 服务器构建:        Dec 3 2020 11:43:00 UTC
02-Jan-2021 15:45:00.733 信息 [main] org.apache.catalina.startup.VersionLoggerListener.log 服务器版本号:      9.0.41.0
02-Jan-2021 15:45:00.733 信息 [main] org.apache.catalina.startup.VersionLoggerListener.log 操作系统名称:      Windows 10
02-Jan-2021 15:45:00.733 信息 [main] org.apache.catalina.startup.VersionLoggerListener.log OS.版本:           10.0
02-Jan-2021 15:45:00.733 信息 [main] org.apache.catalina.startup.VersionLoggerListener.log 架构:              amd64
02-Jan-2021 15:45:00.733 信息 [main] org.apache.catalina.startup.VersionLoggerListener.log Java 环境变量:     E:\JAVASE1.8\jre
02-Jan-2021 15:45:00.733 信息 [main] org.apache.catalina.startup.VersionLoggerListener.log Java虚拟机版本:    1.8.0_271-b09
02-Jan-2021 15:45:00.733 信息 [main] org.apache.catalina.startup.VersionLoggerListener.log JVM.供应商:        Oracle Corporation
02-Jan-2021 15:45:00.733 信息 [main] org.apache.catalina.startup.VersionLoggerListener.log CATALINA_BASE:     F:\Git_Repositories\J2EE-servelet\tools\tomcat9\apache-tomcat-9.0.41
02-Jan-2021 15:45:00.733 信息 [main] org.apache.catalina.startup.VersionLoggerListener.log CATALINA_HOME:     F:\Git_Repositories\J2EE-servelet\tools\tomcat9\apache-tomcat-9.0.41
02-Jan-2021 15:45:00.752 信息 [main] org.apache.catalina.startup.VersionLoggerListener.log 命令行参数：       -Djava.util.logging.config.file=F:\Git_Repositories\J2EE-servelet\tools\tomcat9\apache-tomcat-9.0.41\conf\logging.properties
02-Jan-2021 15:45:00.780 信息 [main] org.apache.catalina.startup.VersionLoggerListener.log 命令行参数：       -Djava.util.logging.manager=org.apache.juli.ClassLoaderLogManager
02-Jan-2021 15:45:00.781 信息 [main] org.apache.catalina.startup.VersionLoggerListener.log 命令行参数：       -Djdk.tls.ephemeralDHKeySize=2048
02-Jan-2021 15:45:00.781 信息 [main] org.apache.catalina.startup.VersionLoggerListener.log 命令行参数：       -Djava.protocol.handler.pkgs=org.apache.catalina.webresources
02-Jan-2021 15:45:00.785 信息 [main] org.apache.catalina.startup.VersionLoggerListener.log 命令行参数：       -Dignore.endorsed.dirs=
02-Jan-2021 15:45:00.785 信息 [main] org.apache.catalina.startup.VersionLoggerListener.log 命令行参数：       -Dcatalina.base=F:\Git_Repositories\J2EE-servelet\tools\tomcat9\apache-tomcat-9.0.41
02-Jan-2021 15:45:00.786 信息 [main] org.apache.catalina.startup.VersionLoggerListener.log 命令行参数：       -Dcatalina.home=F:\Git_Repositories\J2EE-servelet\tools\tomcat9\apache-tomcat-9.0.41
02-Jan-2021 15:45:00.786 信息 [main] org.apache.catalina.startup.VersionLoggerListener.log 命令行参数：       -Djava.io.tmpdir=F:\Git_Repositories\J2EE-servelet\tools\tomcat9\apache-tomcat-9.0.41\temp
02-Jan-2021 15:45:00.840 信息 [main] org.apache.catalina.core.AprLifecycleListener.lifecycleEvent 使用APR版本[1.7.0]加载了基于APR的Apache Tomcat本机库[1.2.25]。
02-Jan-2021 15:45:00.861 信息 [main] org.apache.catalina.core.AprLifecycleListener.lifecycleEvent APR功能：IPv6[true]、sendfile[true]、accept filters[false]、random[true]。
02-Jan-2021 15:45:00.862 信息 [main] org.apache.catalina.core.AprLifecycleListener.lifecycleEvent APR/OpenSSL配置：useAprConnector[false]，useOpenSSL[true]
02-Jan-2021 15:45:00.866 信息 [main] org.apache.catalina.core.AprLifecycleListener.initializeSSL OpenSSL成功初始化 [OpenSSL 1.1.1g  21 Apr 2020]
02-Jan-2021 15:45:01.823 信息 [main] org.apache.coyote.AbstractProtocol.init 初始化协议处理器 ["http-nio-8080"]
02-Jan-2021 15:45:02.249 信息 [main] org.apache.catalina.startup.Catalina.load 服务器在[2010]毫秒内初始化
02-Jan-2021 15:45:02.327 信息 [main] org.apache.catalina.core.StandardService.startInternal 正在启动服务[Catalina]
02-Jan-2021 15:45:02.327 信息 [main] org.apache.catalina.core.StandardEngine.startInternal 正在启动 Servlet 引擎：[Apache Tomcat/9.0.41]
02-Jan-2021 15:45:02.343 信息 [main] org.apache.catalina.startup.HostConfig.deployDirectory 把web 应用程序部署到目录 [F:\Git_Repositories\J2EE-servelet\tools\tomcat9\apache-tomcat-9.0.41\webapps\docs]
02-Jan-2021 15:45:02.546 信息 [main] org.apache.catalina.startup.HostConfig.deployDirectory Web应用程序目录[F:\Git_Repositories\J2EE-servelet\tools\tomcat9\apache-tomcat-9.0.41\webapps\docs]的部署已在[203]毫秒内完成
02-Jan-2021 15:45:02.546 信息 [main] org.apache.catalina.startup.HostConfig.deployDirectory 把web 应用程序部署到目录 [F:\Git_Repositories\J2EE-servelet\tools\tomcat9\apache-tomcat-9.0.41\webapps\examples]
02-Jan-2021 15:45:03.050 信息 [main] org.apache.catalina.startup.HostConfig.deployDirectory Web应用程序目录[F:\Git_Repositories\J2EE-servelet\tools\tomcat9\apache-tomcat-9.0.41\webapps\examples]的部署已在[504]毫秒内完成
02-Jan-2021 15:45:03.050 信息 [main] org.apache.catalina.startup.HostConfig.deployDirectory 把web 应用程序部署到目录 [F:\Git_Repositories\J2EE-servelet\tools\tomcat9\apache-tomcat-9.0.41\webapps\FirstApp]
02-Jan-2021 15:45:03.112 信息 [main] org.apache.catalina.startup.HostConfig.deployDirectory Web应用程序目录[F:\Git_Repositories\J2EE-servelet\tools\tomcat9\apache-tomcat-9.0.41\webapps\FirstApp]的部署已在[62]毫秒内完成
02-Jan-2021 15:45:03.128 信息 [main] org.apache.catalina.startup.HostConfig.deployDirectory 把web 应用程序部署到目录 [F:\Git_Repositories\J2EE-servelet\tools\tomcat9\apache-tomcat-9.0.41\webapps\host-manager]
02-Jan-2021 15:45:03.159 信息 [main] org.apache.catalina.startup.HostConfig.deployDirectory Web应用程序目录[F:\Git_Repositories\J2EE-servelet\tools\tomcat9\apache-tomcat-9.0.41\webapps\host-manager]的部署已在[31]毫秒内完成
02-Jan-2021 15:45:03.175 信息 [main] org.apache.catalina.startup.HostConfig.deployDirectory 把web 应用程序部署到目录 [F:\Git_Repositories\J2EE-servelet\tools\tomcat9\apache-tomcat-9.0.41\webapps\manager]
02-Jan-2021 15:45:03.206 信息 [main] org.apache.catalina.startup.HostConfig.deployDirectory Web应用程序目录[F:\Git_Repositories\J2EE-servelet\tools\tomcat9\apache-tomcat-9.0.41\webapps\manager]的部署已在[31]毫秒内完成
02-Jan-2021 15:45:03.206 信息 [main] org.apache.catalina.startup.HostConfig.deployDirectory 把web 应用程序部署到目录 [F:\Git_Repositories\J2EE-servelet\tools\tomcat9\apache-tomcat-9.0.41\webapps\ROOT]
02-Jan-2021 15:45:03.222 信息 [main] org.apache.catalina.startup.HostConfig.deployDirectory Web应用程序目录[F:\Git_Repositories\J2EE-servelet\tools\tomcat9\apache-tomcat-9.0.41\webapps\ROOT]的部署已在[16]毫秒内完成
02-Jan-2021 15:45:03.237 信息 [main] org.apache.coyote.AbstractProtocol.start 开始协议处理句柄["http-nio-8080"]
02-Jan-2021 15:45:03.253 信息 [main] org.apache.catalina.startup.Catalina.start [994]毫秒后服务器启动
02-Jan-2021 16:04:45.188 信息 [main] org.apache.catalina.startup.VersionLoggerListener.log Server.服务器版本: Apache Tomcat/9.0.41
02-Jan-2021 16:04:45.190 信息 [main] org.apache.catalina.startup.VersionLoggerListener.log 服务器构建:        Dec 3 2020 11:43:00 UTC
02-Jan-2021 16:04:45.191 信息 [main] org.apache.catalina.startup.VersionLoggerListener.log 服务器版本号:      9.0.41.0
02-Jan-2021 16:04:45.191 信息 [main] org.apache.catalina.startup.VersionLoggerListener.log 操作系统名称:      Windows 10
02-Jan-2021 16:04:45.191 信息 [main] org.apache.catalina.startup.VersionLoggerListener.log OS.版本:           10.0
02-Jan-2021 16:04:45.191 信息 [main] org.apache.catalina.startup.VersionLoggerListener.log 架构:              amd64
02-Jan-2021 16:04:45.191 信息 [main] org.apache.catalina.startup.VersionLoggerListener.log Java 环境变量:     E:\JAVASE1.8\jre
02-Jan-2021 16:04:45.192 信息 [main] org.apache.catalina.startup.VersionLoggerListener.log Java虚拟机版本:    1.8.0_271-b09
02-Jan-2021 16:04:45.192 信息 [main] org.apache.catalina.startup.VersionLoggerListener.log JVM.供应商:        Oracle Corporation
02-Jan-2021 16:04:45.192 信息 [main] org.apache.catalina.startup.VersionLoggerListener.log CATALINA_BASE:     F:\Git_Repositories\J2EE-servelet\tools\tomcat9\apache-tomcat-9.0.41
02-Jan-2021 16:04:45.193 信息 [main] org.apache.catalina.startup.VersionLoggerListener.log CATALINA_HOME:     F:\Git_Repositories\J2EE-servelet\tools\tomcat9\apache-tomcat-9.0.41
02-Jan-2021 16:04:45.195 信息 [main] org.apache.catalina.startup.VersionLoggerListener.log 命令行参数：       -Djava.util.logging.config.file=F:\Git_Repositories\J2EE-servelet\tools\tomcat9\apache-tomcat-9.0.41\conf\logging.properties
02-Jan-2021 16:04:45.195 信息 [main] org.apache.catalina.startup.VersionLoggerListener.log 命令行参数：       -Djava.util.logging.manager=org.apache.juli.ClassLoaderLogManager
02-Jan-2021 16:04:45.195 信息 [main] org.apache.catalina.startup.VersionLoggerListener.log 命令行参数：       -Djdk.tls.ephemeralDHKeySize=2048
02-Jan-2021 16:04:45.199 信息 [main] org.apache.catalina.startup.VersionLoggerListener.log 命令行参数：       -Djava.protocol.handler.pkgs=org.apache.catalina.webresources
02-Jan-2021 16:04:45.207 信息 [main] org.apache.catalina.startup.VersionLoggerListener.log 命令行参数：       -Dignore.endorsed.dirs=
02-Jan-2021 16:04:45.214 信息 [main] org.apache.catalina.startup.VersionLoggerListener.log 命令行参数：       -Dcatalina.base=F:\Git_Repositories\J2EE-servelet\tools\tomcat9\apache-tomcat-9.0.41
02-Jan-2021 16:04:45.216 信息 [main] org.apache.catalina.startup.VersionLoggerListener.log 命令行参数：       -Dcatalina.home=F:\Git_Repositories\J2EE-servelet\tools\tomcat9\apache-tomcat-9.0.41
02-Jan-2021 16:04:45.216 信息 [main] org.apache.catalina.startup.VersionLoggerListener.log 命令行参数：       -Djava.io.tmpdir=F:\Git_Repositories\J2EE-servelet\tools\tomcat9\apache-tomcat-9.0.41\temp
02-Jan-2021 16:04:45.222 信息 [main] org.apache.catalina.core.AprLifecycleListener.lifecycleEvent 使用APR版本[1.7.0]加载了基于APR的Apache Tomcat本机库[1.2.25]。
02-Jan-2021 16:04:45.223 信息 [main] org.apache.catalina.core.AprLifecycleListener.lifecycleEvent APR功能：IPv6[true]、sendfile[true]、accept filters[false]、random[true]。
02-Jan-2021 16:04:45.224 信息 [main] org.apache.catalina.core.AprLifecycleListener.lifecycleEvent APR/OpenSSL配置：useAprConnector[false]，useOpenSSL[true]
02-Jan-2021 16:04:45.231 信息 [main] org.apache.catalina.core.AprLifecycleListener.initializeSSL OpenSSL成功初始化 [OpenSSL 1.1.1g  21 Apr 2020]
02-Jan-2021 16:04:45.555 信息 [main] org.apache.coyote.AbstractProtocol.init 初始化协议处理器 ["http-nio-8080"]
02-Jan-2021 16:04:45.967 严重 [main] org.apache.catalina.util.LifecycleBase.handleSubClassException 初始化组件[Connector[HTTP/1.1-8080]]失败。
	org.apache.catalina.LifecycleException: 协议处理程序初始化失败
		at org.apache.catalina.connector.Connector.initInternal(Connector.java:1042)
		at org.apache.catalina.util.LifecycleBase.init(LifecycleBase.java:136)
		at org.apache.catalina.core.StandardService.initInternal(StandardService.java:558)
		at org.apache.catalina.util.LifecycleBase.init(LifecycleBase.java:136)
		at org.apache.catalina.core.StandardServer.initInternal(StandardServer.java:1057)
		at org.apache.catalina.util.LifecycleBase.init(LifecycleBase.java:136)
		at org.apache.catalina.startup.Catalina.load(Catalina.java:724)
		at org.apache.catalina.startup.Catalina.load(Catalina.java:746)
		at sun.reflect.NativeMethodAccessorImpl.invoke0(Native Method)
		at sun.reflect.NativeMethodAccessorImpl.invoke(NativeMethodAccessorImpl.java:62)
		at sun.reflect.DelegatingMethodAccessorImpl.invoke(DelegatingMethodAccessorImpl.java:43)
		at java.lang.reflect.Method.invoke(Method.java:498)
		at org.apache.catalina.startup.Bootstrap.load(Bootstrap.java:302)
		at org.apache.catalina.startup.Bootstrap.main(Bootstrap.java:472)
	Caused by: java.net.BindException: Address already in use: bind
		at sun.nio.ch.Net.bind0(Native Method)
		at sun.nio.ch.Net.bind(Net.java:444)
		at sun.nio.ch.Net.bind(Net.java:436)
		at sun.nio.ch.ServerSocketChannelImpl.bind(ServerSocketChannelImpl.java:225)
		at sun.nio.ch.ServerSocketAdaptor.bind(ServerSocketAdaptor.java:74)
		at org.apache.tomcat.util.net.NioEndpoint.initServerSocket(NioEndpoint.java:228)
		at org.apache.tomcat.util.net.NioEndpoint.bind(NioEndpoint.java:211)
		at org.apache.tomcat.util.net.AbstractEndpoint.bindWithCleanup(AbstractEndpoint.java:1159)
		at org.apache.tomcat.util.net.AbstractEndpoint.init(AbstractEndpoint.java:1172)
		at org.apache.coyote.AbstractProtocol.init(AbstractProtocol.java:592)
		at org.apache.coyote.http11.AbstractHttp11Protocol.init(AbstractHttp11Protocol.java:80)
		at org.apache.catalina.connector.Connector.initInternal(Connector.java:1039)
		... 13 more
02-Jan-2021 16:04:46.153 信息 [main] org.apache.catalina.startup.Catalina.load 服务器在[1131]毫秒内初始化
02-Jan-2021 16:04:46.196 信息 [main] org.apache.catalina.core.StandardService.startInternal 正在启动服务[Catalina]
02-Jan-2021 16:04:46.197 信息 [main] org.apache.catalina.core.StandardEngine.startInternal 正在启动 Servlet 引擎：[Apache Tomcat/9.0.41]
02-Jan-2021 16:04:46.206 信息 [main] org.apache.catalina.startup.HostConfig.deployDirectory 把web 应用程序部署到目录 [F:\Git_Repositories\J2EE-servelet\tools\tomcat9\apache-tomcat-9.0.41\webapps\docs]
02-Jan-2021 16:04:46.387 信息 [main] org.apache.catalina.startup.HostConfig.deployDirectory Web应用程序目录[F:\Git_Repositories\J2EE-servelet\tools\tomcat9\apache-tomcat-9.0.41\webapps\docs]的部署已在[178]毫秒内完成
02-Jan-2021 16:04:46.395 信息 [main] org.apache.catalina.startup.HostConfig.deployDirectory 把web 应用程序部署到目录 [F:\Git_Repositories\J2EE-servelet\tools\tomcat9\apache-tomcat-9.0.41\webapps\examples]
02-Jan-2021 16:04:46.619 信息 [main] org.apache.catalina.startup.HostConfig.deployDirectory Web应用程序目录[F:\Git_Repositories\J2EE-servelet\tools\tomcat9\apache-tomcat-9.0.41\webapps\examples]的部署已在[224]毫秒内完成
02-Jan-2021 16:04:46.629 信息 [main] org.apache.catalina.startup.HostConfig.deployDirectory 把web 应用程序部署到目录 [F:\Git_Repositories\J2EE-servelet\tools\tomcat9\apache-tomcat-9.0.41\webapps\FirstApp]
02-Jan-2021 16:04:46.647 信息 [main] org.apache.catalina.startup.HostConfig.deployDirectory Web应用程序目录[F:\Git_Repositories\J2EE-servelet\tools\tomcat9\apache-tomcat-9.0.41\webapps\FirstApp]的部署已在[19]毫秒内完成
02-Jan-2021 16:04:46.654 信息 [main] org.apache.catalina.startup.HostConfig.deployDirectory 把web 应用程序部署到目录 [F:\Git_Repositories\J2EE-servelet\tools\tomcat9\apache-tomcat-9.0.41\webapps\host-manager]
02-Jan-2021 16:04:46.687 信息 [main] org.apache.catalina.startup.HostConfig.deployDirectory Web应用程序目录[F:\Git_Repositories\J2EE-servelet\tools\tomcat9\apache-tomcat-9.0.41\webapps\host-manager]的部署已在[33]毫秒内完成
02-Jan-2021 16:04:46.695 信息 [main] org.apache.catalina.startup.HostConfig.deployDirectory 把web 应用程序部署到目录 [F:\Git_Repositories\J2EE-servelet\tools\tomcat9\apache-tomcat-9.0.41\webapps\manager]
02-Jan-2021 16:04:46.713 信息 [main] org.apache.catalina.startup.HostConfig.deployDirectory Web应用程序目录[F:\Git_Repositories\J2EE-servelet\tools\tomcat9\apache-tomcat-9.0.41\webapps\manager]的部署已在[18]毫秒内完成
02-Jan-2021 16:04:46.714 信息 [main] org.apache.catalina.startup.HostConfig.deployDirectory 把web 应用程序部署到目录 [F:\Git_Repositories\J2EE-servelet\tools\tomcat9\apache-tomcat-9.0.41\webapps\ROOT]
02-Jan-2021 16:04:46.737 信息 [main] org.apache.catalina.startup.HostConfig.deployDirectory Web应用程序目录[F:\Git_Repositories\J2EE-servelet\tools\tomcat9\apache-tomcat-9.0.41\webapps\ROOT]的部署已在[23]毫秒内完成
02-Jan-2021 16:04:46.741 信息 [main] org.apache.catalina.startup.Catalina.start [586]毫秒后服务器启动
02-Jan-2021 16:04:46.748 严重 [main] org.apache.catalina.core.StandardServer.await 无法在地址[localhost]和端口[8005]上创建服务器关闭套接字（基本端口[8005]和偏移量[0]）
	java.net.BindException: Address already in use: JVM_Bind
		at java.net.DualStackPlainSocketImpl.bind0(Native Method)
		at java.net.DualStackPlainSocketImpl.socketBind(DualStackPlainSocketImpl.java:102)
		at java.net.AbstractPlainSocketImpl.bind(AbstractPlainSocketImpl.java:513)
		at java.net.PlainSocketImpl.bind(PlainSocketImpl.java:180)
		at java.net.ServerSocket.bind(ServerSocket.java:375)
		at java.net.ServerSocket.<init>(ServerSocket.java:237)
		at org.apache.catalina.core.StandardServer.await(StandardServer.java:584)
		at org.apache.catalina.startup.Catalina.await(Catalina.java:864)
		at org.apache.catalina.startup.Catalina.start(Catalina.java:810)
		at sun.reflect.NativeMethodAccessorImpl.invoke0(Native Method)
		at sun.reflect.NativeMethodAccessorImpl.invoke(NativeMethodAccessorImpl.java:62)
		at sun.reflect.DelegatingMethodAccessorImpl.invoke(DelegatingMethodAccessorImpl.java:43)
		at java.lang.reflect.Method.invoke(Method.java:498)
		at org.apache.catalina.startup.Bootstrap.start(Bootstrap.java:342)
		at org.apache.catalina.startup.Bootstrap.main(Bootstrap.java:473)
02-Jan-2021 16:04:46.750 信息 [main] org.apache.coyote.AbstractProtocol.pause 暂停ProtocolHandler["http-nio-8080"]
02-Jan-2021 16:04:46.750 信息 [main] org.apache.catalina.core.StandardService.stopInternal 正在停止服务[Catalina]
02-Jan-2021 16:04:46.839 信息 [main] org.apache.coyote.AbstractProtocol.stop 正在停止ProtocolHandler ["http-nio-8080"]
02-Jan-2021 16:04:46.840 信息 [main] org.apache.coyote.AbstractProtocol.destroy 正在摧毁协议处理器 ["http-nio-8080"]
02-Jan-2021 16:06:05.403 信息 [main] org.apache.catalina.core.StandardServer.await 通过关闭端口接收到有效的关闭命令。正在停止服务器实例。
02-Jan-2021 16:06:05.427 信息 [main] org.apache.coyote.AbstractProtocol.pause 暂停ProtocolHandler["http-nio-8080"]
02-Jan-2021 16:06:05.805 信息 [main] org.apache.catalina.core.StandardService.stopInternal 正在停止服务[Catalina]
02-Jan-2021 16:06:05.825 信息 [main] org.apache.coyote.AbstractProtocol.stop 正在停止ProtocolHandler ["http-nio-8080"]
02-Jan-2021 16:06:05.852 信息 [main] org.apache.coyote.AbstractProtocol.destroy 正在摧毁协议处理器 ["http-nio-8080"]
02-Jan-2021 16:06:10.671 信息 [main] org.apache.catalina.startup.VersionLoggerListener.log Server.服务器版本: Apache Tomcat/9.0.41
02-Jan-2021 16:06:10.673 信息 [main] org.apache.catalina.startup.VersionLoggerListener.log 服务器构建:        Dec 3 2020 11:43:00 UTC
02-Jan-2021 16:06:10.673 信息 [main] org.apache.catalina.startup.VersionLoggerListener.log 服务器版本号:      9.0.41.0
02-Jan-2021 16:06:10.674 信息 [main] org.apache.catalina.startup.VersionLoggerListener.log 操作系统名称:      Windows 10
02-Jan-2021 16:06:10.674 信息 [main] org.apache.catalina.startup.VersionLoggerListener.log OS.版本:           10.0
02-Jan-2021 16:06:10.674 信息 [main] org.apache.catalina.startup.VersionLoggerListener.log 架构:              amd64
02-Jan-2021 16:06:10.674 信息 [main] org.apache.catalina.startup.VersionLoggerListener.log Java 环境变量:     E:\JAVASE1.8\jre
02-Jan-2021 16:06:10.674 信息 [main] org.apache.catalina.startup.VersionLoggerListener.log Java虚拟机版本:    1.8.0_271-b09
02-Jan-2021 16:06:10.674 信息 [main] org.apache.catalina.startup.VersionLoggerListener.log JVM.供应商:        Oracle Corporation
02-Jan-2021 16:06:10.675 信息 [main] org.apache.catalina.startup.VersionLoggerListener.log CATALINA_BASE:     F:\Git_Repositories\J2EE-servelet\tools\tomcat9\apache-tomcat-9.0.41
02-Jan-2021 16:06:10.675 信息 [main] org.apache.catalina.startup.VersionLoggerListener.log CATALINA_HOME:     F:\Git_Repositories\J2EE-servelet\tools\tomcat9\apache-tomcat-9.0.41
02-Jan-2021 16:06:10.675 信息 [main] org.apache.catalina.startup.VersionLoggerListener.log 命令行参数：       -Djava.util.logging.config.file=F:\Git_Repositories\J2EE-servelet\tools\tomcat9\apache-tomcat-9.0.41\conf\logging.properties
02-Jan-2021 16:06:10.675 信息 [main] org.apache.catalina.startup.VersionLoggerListener.log 命令行参数：       -Djava.util.logging.manager=org.apache.juli.ClassLoaderLogManager
02-Jan-2021 16:06:10.676 信息 [main] org.apache.catalina.startup.VersionLoggerListener.log 命令行参数：       -Djdk.tls.ephemeralDHKeySize=2048
02-Jan-2021 16:06:10.676 信息 [main] org.apache.catalina.startup.VersionLoggerListener.log 命令行参数：       -Djava.protocol.handler.pkgs=org.apache.catalina.webresources
02-Jan-2021 16:06:10.679 信息 [main] org.apache.catalina.startup.VersionLoggerListener.log 命令行参数：       -Dignore.endorsed.dirs=
02-Jan-2021 16:06:10.679 信息 [main] org.apache.catalina.startup.VersionLoggerListener.log 命令行参数：       -Dcatalina.base=F:\Git_Repositories\J2EE-servelet\tools\tomcat9\apache-tomcat-9.0.41
02-Jan-2021 16:06:10.680 信息 [main] org.apache.catalina.startup.VersionLoggerListener.log 命令行参数：       -Dcatalina.home=F:\Git_Repositories\J2EE-servelet\tools\tomcat9\apache-tomcat-9.0.41
02-Jan-2021 16:06:10.681 信息 [main] org.apache.catalina.startup.VersionLoggerListener.log 命令行参数：       -Djava.io.tmpdir=F:\Git_Repositories\J2EE-servelet\tools\tomcat9\apache-tomcat-9.0.41\temp
02-Jan-2021 16:06:10.683 信息 [main] org.apache.catalina.core.AprLifecycleListener.lifecycleEvent 使用APR版本[1.7.0]加载了基于APR的Apache Tomcat本机库[1.2.25]。
02-Jan-2021 16:06:10.690 信息 [main] org.apache.catalina.core.AprLifecycleListener.lifecycleEvent APR功能：IPv6[true]、sendfile[true]、accept filters[false]、random[true]。
02-Jan-2021 16:06:10.692 信息 [main] org.apache.catalina.core.AprLifecycleListener.lifecycleEvent APR/OpenSSL配置：useAprConnector[false]，useOpenSSL[true]
02-Jan-2021 16:06:10.697 信息 [main] org.apache.catalina.core.AprLifecycleListener.initializeSSL OpenSSL成功初始化 [OpenSSL 1.1.1g  21 Apr 2020]
02-Jan-2021 16:06:10.967 信息 [main] org.apache.coyote.AbstractProtocol.init 初始化协议处理器 ["http-nio-8080"]
02-Jan-2021 16:06:11.400 信息 [main] org.apache.catalina.startup.Catalina.load 服务器在[902]毫秒内初始化
02-Jan-2021 16:06:11.427 信息 [main] org.apache.catalina.core.StandardService.startInternal 正在启动服务[Catalina]
02-Jan-2021 16:06:11.427 信息 [main] org.apache.catalina.core.StandardEngine.startInternal 正在启动 Servlet 引擎：[Apache Tomcat/9.0.41]
02-Jan-2021 16:06:11.442 信息 [main] org.apache.catalina.startup.HostConfig.deployDirectory 把web 应用程序部署到目录 [F:\Git_Repositories\J2EE-servelet\tools\tomcat9\apache-tomcat-9.0.41\webapps\docs]
02-Jan-2021 16:06:11.646 信息 [main] org.apache.catalina.startup.HostConfig.deployDirectory Web应用程序目录[F:\Git_Repositories\J2EE-servelet\tools\tomcat9\apache-tomcat-9.0.41\webapps\docs]的部署已在[202]毫秒内完成
02-Jan-2021 16:06:11.647 信息 [main] org.apache.catalina.startup.HostConfig.deployDirectory 把web 应用程序部署到目录 [F:\Git_Repositories\J2EE-servelet\tools\tomcat9\apache-tomcat-9.0.41\webapps\examples]
02-Jan-2021 16:06:11.934 信息 [main] org.apache.catalina.startup.HostConfig.deployDirectory Web应用程序目录[F:\Git_Repositories\J2EE-servelet\tools\tomcat9\apache-tomcat-9.0.41\webapps\examples]的部署已在[286]毫秒内完成
02-Jan-2021 16:06:11.945 信息 [main] org.apache.catalina.startup.HostConfig.deployDirectory 把web 应用程序部署到目录 [F:\Git_Repositories\J2EE-servelet\tools\tomcat9\apache-tomcat-9.0.41\webapps\FirstApp]
02-Jan-2021 16:06:11.980 信息 [main] org.apache.catalina.startup.HostConfig.deployDirectory Web应用程序目录[F:\Git_Repositories\J2EE-servelet\tools\tomcat9\apache-tomcat-9.0.41\webapps\FirstApp]的部署已在[35]毫秒内完成
02-Jan-2021 16:06:11.992 信息 [main] org.apache.catalina.startup.HostConfig.deployDirectory 把web 应用程序部署到目录 [F:\Git_Repositories\J2EE-servelet\tools\tomcat9\apache-tomcat-9.0.41\webapps\host-manager]
02-Jan-2021 16:06:12.022 信息 [main] org.apache.catalina.startup.HostConfig.deployDirectory Web应用程序目录[F:\Git_Repositories\J2EE-servelet\tools\tomcat9\apache-tomcat-9.0.41\webapps\host-manager]的部署已在[30]毫秒内完成
02-Jan-2021 16:06:12.033 信息 [main] org.apache.catalina.startup.HostConfig.deployDirectory 把web 应用程序部署到目录 [F:\Git_Repositories\J2EE-servelet\tools\tomcat9\apache-tomcat-9.0.41\webapps\manager]
02-Jan-2021 16:06:12.064 信息 [main] org.apache.catalina.startup.HostConfig.deployDirectory Web应用程序目录[F:\Git_Repositories\J2EE-servelet\tools\tomcat9\apache-tomcat-9.0.41\webapps\manager]的部署已在[31]毫秒内完成
02-Jan-2021 16:06:12.074 信息 [main] org.apache.catalina.startup.HostConfig.deployDirectory 把web 应用程序部署到目录 [F:\Git_Repositories\J2EE-servelet\tools\tomcat9\apache-tomcat-9.0.41\webapps\ROOT]
02-Jan-2021 16:06:12.093 信息 [main] org.apache.catalina.startup.HostConfig.deployDirectory Web应用程序目录[F:\Git_Repositories\J2EE-servelet\tools\tomcat9\apache-tomcat-9.0.41\webapps\ROOT]的部署已在[19]毫秒内完成
02-Jan-2021 16:06:12.107 信息 [main] org.apache.coyote.AbstractProtocol.start 开始协议处理句柄["http-nio-8080"]
02-Jan-2021 16:06:12.115 信息 [main] org.apache.catalina.startup.Catalina.start [714]毫秒后服务器启动
02-Jan-2021 16:07:29.551 信息 [main] org.apache.catalina.core.StandardServer.await 通过关闭端口接收到有效的关闭命令。正在停止服务器实例。
02-Jan-2021 16:07:29.566 信息 [main] org.apache.coyote.AbstractProtocol.pause 暂停ProtocolHandler["http-nio-8080"]
02-Jan-2021 16:07:29.935 信息 [main] org.apache.catalina.core.StandardService.stopInternal 正在停止服务[Catalina]
02-Jan-2021 16:07:29.949 信息 [main] org.apache.coyote.AbstractProtocol.stop 正在停止ProtocolHandler ["http-nio-8080"]
02-Jan-2021 16:07:29.982 信息 [main] org.apache.coyote.AbstractProtocol.destroy 正在摧毁协议处理器 ["http-nio-8080"]
02-Jan-2021 16:29:55.196 信息 [main] org.apache.catalina.startup.VersionLoggerListener.log Server.服务器版本: Apache Tomcat/9.0.41
02-Jan-2021 16:29:55.211 信息 [main] org.apache.catalina.startup.VersionLoggerListener.log 服务器构建:        Dec 3 2020 11:43:00 UTC
02-Jan-2021 16:29:55.211 信息 [main] org.apache.catalina.startup.VersionLoggerListener.log 服务器版本号:      9.0.41.0
02-Jan-2021 16:29:55.211 信息 [main] org.apache.catalina.startup.VersionLoggerListener.log 操作系统名称:      Windows 10
02-Jan-2021 16:29:55.211 信息 [main] org.apache.catalina.startup.VersionLoggerListener.log OS.版本:           10.0
02-Jan-2021 16:29:55.211 信息 [main] org.apache.catalina.startup.VersionLoggerListener.log 架构:              amd64
02-Jan-2021 16:29:55.211 信息 [main] org.apache.catalina.startup.VersionLoggerListener.log Java 环境变量:     E:\JAVASE1.8\jre
02-Jan-2021 16:29:55.211 信息 [main] org.apache.catalina.startup.VersionLoggerListener.log Java虚拟机版本:    1.8.0_271-b09
02-Jan-2021 16:29:55.211 信息 [main] org.apache.catalina.startup.VersionLoggerListener.log JVM.供应商:        Oracle Corporation
02-Jan-2021 16:29:55.211 信息 [main] org.apache.catalina.startup.VersionLoggerListener.log CATALINA_BASE:     F:\Git_Repositories\J2EE-servelet\tools\tomcat9\apache-tomcat-9.0.41
02-Jan-2021 16:29:55.211 信息 [main] org.apache.catalina.startup.VersionLoggerListener.log CATALINA_HOME:     F:\Git_Repositories\J2EE-servelet\tools\tomcat9\apache-tomcat-9.0.41
02-Jan-2021 16:29:55.211 信息 [main] org.apache.catalina.startup.VersionLoggerListener.log 命令行参数：       -Djava.util.logging.config.file=F:\Git_Repositories\J2EE-servelet\tools\tomcat9\apache-tomcat-9.0.41\conf\logging.properties
02-Jan-2021 16:29:55.211 信息 [main] org.apache.catalina.startup.VersionLoggerListener.log 命令行参数：       -Djava.util.logging.manager=org.apache.juli.ClassLoaderLogManager
02-Jan-2021 16:29:55.211 信息 [main] org.apache.catalina.startup.VersionLoggerListener.log 命令行参数：       -Djdk.tls.ephemeralDHKeySize=2048
02-Jan-2021 16:29:55.211 信息 [main] org.apache.catalina.startup.VersionLoggerListener.log 命令行参数：       -Djava.protocol.handler.pkgs=org.apache.catalina.webresources
02-Jan-2021 16:29:55.211 信息 [main] org.apache.catalina.startup.VersionLoggerListener.log 命令行参数：       -Dignore.endorsed.dirs=
02-Jan-2021 16:29:55.211 信息 [main] org.apache.catalina.startup.VersionLoggerListener.log 命令行参数：       -Dcatalina.base=F:\Git_Repositories\J2EE-servelet\tools\tomcat9\apache-tomcat-9.0.41
02-Jan-2021 16:29:55.211 信息 [main] org.apache.catalina.startup.VersionLoggerListener.log 命令行参数：       -Dcatalina.home=F:\Git_Repositories\J2EE-servelet\tools\tomcat9\apache-tomcat-9.0.41
02-Jan-2021 16:29:55.211 信息 [main] org.apache.catalina.startup.VersionLoggerListener.log 命令行参数：       -Djava.io.tmpdir=F:\Git_Repositories\J2EE-servelet\tools\tomcat9\apache-tomcat-9.0.41\temp
02-Jan-2021 16:29:55.211 信息 [main] org.apache.catalina.core.AprLifecycleListener.lifecycleEvent 使用APR版本[1.7.0]加载了基于APR的Apache Tomcat本机库[1.2.25]。
02-Jan-2021 16:29:55.211 信息 [main] org.apache.catalina.core.AprLifecycleListener.lifecycleEvent APR功能：IPv6[true]、sendfile[true]、accept filters[false]、random[true]。
02-Jan-2021 16:29:55.211 信息 [main] org.apache.catalina.core.AprLifecycleListener.lifecycleEvent APR/OpenSSL配置：useAprConnector[false]，useOpenSSL[true]
02-Jan-2021 16:29:55.227 信息 [main] org.apache.catalina.core.AprLifecycleListener.initializeSSL OpenSSL成功初始化 [OpenSSL 1.1.1g  21 Apr 2020]
02-Jan-2021 16:29:55.461 信息 [main] org.apache.coyote.AbstractProtocol.init 初始化协议处理器 ["http-nio-8080"]
02-Jan-2021 16:29:55.877 信息 [main] org.apache.catalina.startup.Catalina.load 服务器在[816]毫秒内初始化
02-Jan-2021 16:29:55.896 信息 [main] org.apache.catalina.core.StandardService.startInternal 正在启动服务[Catalina]
02-Jan-2021 16:29:55.897 信息 [main] org.apache.catalina.core.StandardEngine.startInternal 正在启动 Servlet 引擎：[Apache Tomcat/9.0.41]
02-Jan-2021 16:29:55.903 信息 [main] org.apache.catalina.startup.HostConfig.deployDirectory 把web 应用程序部署到目录 [F:\Git_Repositories\J2EE-servelet\tools\tomcat9\apache-tomcat-9.0.41\webapps\docs]
02-Jan-2021 16:29:56.065 信息 [main] org.apache.catalina.startup.HostConfig.deployDirectory Web应用程序目录[F:\Git_Repositories\J2EE-servelet\tools\tomcat9\apache-tomcat-9.0.41\webapps\docs]的部署已在[161]毫秒内完成
02-Jan-2021 16:29:56.066 信息 [main] org.apache.catalina.startup.HostConfig.deployDirectory 把web 应用程序部署到目录 [F:\Git_Repositories\J2EE-servelet\tools\tomcat9\apache-tomcat-9.0.41\webapps\examples]
02-Jan-2021 16:29:56.276 信息 [main] org.apache.catalina.startup.HostConfig.deployDirectory Web应用程序目录[F:\Git_Repositories\J2EE-servelet\tools\tomcat9\apache-tomcat-9.0.41\webapps\examples]的部署已在[210]毫秒内完成
02-Jan-2021 16:29:56.276 信息 [main] org.apache.catalina.startup.HostConfig.deployDirectory 把web 应用程序部署到目录 [F:\Git_Repositories\J2EE-servelet\tools\tomcat9\apache-tomcat-9.0.41\webapps\FirstApp]
02-Jan-2021 16:29:56.307 信息 [main] org.apache.catalina.startup.HostConfig.deployDirectory Web应用程序目录[F:\Git_Repositories\J2EE-servelet\tools\tomcat9\apache-tomcat-9.0.41\webapps\FirstApp]的部署已在[31]毫秒内完成
02-Jan-2021 16:29:56.307 信息 [main] org.apache.catalina.startup.HostConfig.deployDirectory 把web 应用程序部署到目录 [F:\Git_Repositories\J2EE-servelet\tools\tomcat9\apache-tomcat-9.0.41\webapps\host-manager]
02-Jan-2021 16:29:56.323 信息 [main] org.apache.catalina.startup.HostConfig.deployDirectory Web应用程序目录[F:\Git_Repositories\J2EE-servelet\tools\tomcat9\apache-tomcat-9.0.41\webapps\host-manager]的部署已在[16]毫秒内完成
02-Jan-2021 16:29:56.323 信息 [main] org.apache.catalina.startup.HostConfig.deployDirectory 把web 应用程序部署到目录 [F:\Git_Repositories\J2EE-servelet\tools\tomcat9\apache-tomcat-9.0.41\webapps\manager]
02-Jan-2021 16:29:56.354 信息 [main] org.apache.catalina.startup.HostConfig.deployDirectory Web应用程序目录[F:\Git_Repositories\J2EE-servelet\tools\tomcat9\apache-tomcat-9.0.41\webapps\manager]的部署已在[31]毫秒内完成
02-Jan-2021 16:29:56.354 信息 [main] org.apache.catalina.startup.HostConfig.deployDirectory 把web 应用程序部署到目录 [F:\Git_Repositories\J2EE-servelet\tools\tomcat9\apache-tomcat-9.0.41\webapps\ROOT]
02-Jan-2021 16:29:56.370 信息 [main] org.apache.catalina.startup.HostConfig.deployDirectory Web应用程序目录[F:\Git_Repositories\J2EE-servelet\tools\tomcat9\apache-tomcat-9.0.41\webapps\ROOT]的部署已在[16]毫秒内完成
02-Jan-2021 16:29:56.370 信息 [main] org.apache.coyote.AbstractProtocol.start 开始协议处理句柄["http-nio-8080"]
02-Jan-2021 16:29:56.385 信息 [main] org.apache.catalina.startup.Catalina.start [511]毫秒后服务器启动
02-Jan-2021 16:31:39.338 信息 [main] org.apache.catalina.core.StandardServer.await 通过关闭端口接收到有效的关闭命令。正在停止服务器实例。
02-Jan-2021 16:31:39.354 信息 [main] org.apache.coyote.AbstractProtocol.pause 暂停ProtocolHandler["http-nio-8080"]
02-Jan-2021 16:31:39.717 信息 [main] org.apache.catalina.core.StandardService.stopInternal 正在停止服务[Catalina]
02-Jan-2021 16:31:39.717 信息 [main] org.apache.coyote.AbstractProtocol.stop 正在停止ProtocolHandler ["http-nio-8080"]
02-Jan-2021 16:31:39.764 信息 [main] org.apache.coyote.AbstractProtocol.destroy 正在摧毁协议处理器 ["http-nio-8080"]
02-Jan-2021 16:32:28.980 信息 [main] org.apache.catalina.startup.VersionLoggerListener.log Server.服务器版本: Apache Tomcat/9.0.41
02-Jan-2021 16:32:28.983 信息 [main] org.apache.catalina.startup.VersionLoggerListener.log 服务器构建:        Dec 3 2020 11:43:00 UTC
02-Jan-2021 16:32:28.983 信息 [main] org.apache.catalina.startup.VersionLoggerListener.log 服务器版本号:      9.0.41.0
02-Jan-2021 16:32:28.983 信息 [main] org.apache.catalina.startup.VersionLoggerListener.log 操作系统名称:      Windows 10
02-Jan-2021 16:32:28.983 信息 [main] org.apache.catalina.startup.VersionLoggerListener.log OS.版本:           10.0
02-Jan-2021 16:32:28.983 信息 [main] org.apache.catalina.startup.VersionLoggerListener.log 架构:              amd64
02-Jan-2021 16:32:28.984 信息 [main] org.apache.catalina.startup.VersionLoggerListener.log Java 环境变量:     E:\JAVASE1.8\jre
02-Jan-2021 16:32:28.984 信息 [main] org.apache.catalina.startup.VersionLoggerListener.log Java虚拟机版本:    1.8.0_271-b09
02-Jan-2021 16:32:28.984 信息 [main] org.apache.catalina.startup.VersionLoggerListener.log JVM.供应商:        Oracle Corporation
02-Jan-2021 16:32:28.984 信息 [main] org.apache.catalina.startup.VersionLoggerListener.log CATALINA_BASE:     F:\Git_Repositories\J2EE-servelet\tools\tomcat9\apache-tomcat-9.0.41
02-Jan-2021 16:32:28.984 信息 [main] org.apache.catalina.startup.VersionLoggerListener.log CATALINA_HOME:     F:\Git_Repositories\J2EE-servelet\tools\tomcat9\apache-tomcat-9.0.41
02-Jan-2021 16:32:28.985 信息 [main] org.apache.catalina.startup.VersionLoggerListener.log 命令行参数：       -Djava.util.logging.config.file=F:\Git_Repositories\J2EE-servelet\tools\tomcat9\apache-tomcat-9.0.41\conf\logging.properties
02-Jan-2021 16:32:28.985 信息 [main] org.apache.catalina.startup.VersionLoggerListener.log 命令行参数：       -Djava.util.logging.manager=org.apache.juli.ClassLoaderLogManager
02-Jan-2021 16:32:28.985 信息 [main] org.apache.catalina.startup.VersionLoggerListener.log 命令行参数：       -Djdk.tls.ephemeralDHKeySize=2048
02-Jan-2021 16:32:28.986 信息 [main] org.apache.catalina.startup.VersionLoggerListener.log 命令行参数：       -Djava.protocol.handler.pkgs=org.apache.catalina.webresources
02-Jan-2021 16:32:28.989 信息 [main] org.apache.catalina.startup.VersionLoggerListener.log 命令行参数：       -Dignore.endorsed.dirs=
02-Jan-2021 16:32:28.989 信息 [main] org.apache.catalina.startup.VersionLoggerListener.log 命令行参数：       -Dcatalina.base=F:\Git_Repositories\J2EE-servelet\tools\tomcat9\apache-tomcat-9.0.41
02-Jan-2021 16:32:28.990 信息 [main] org.apache.catalina.startup.VersionLoggerListener.log 命令行参数：       -Dcatalina.home=F:\Git_Repositories\J2EE-servelet\tools\tomcat9\apache-tomcat-9.0.41
02-Jan-2021 16:32:28.994 信息 [main] org.apache.catalina.startup.VersionLoggerListener.log 命令行参数：       -Djava.io.tmpdir=F:\Git_Repositories\J2EE-servelet\tools\tomcat9\apache-tomcat-9.0.41\temp
02-Jan-2021 16:32:29.004 信息 [main] org.apache.catalina.core.AprLifecycleListener.lifecycleEvent 使用APR版本[1.7.0]加载了基于APR的Apache Tomcat本机库[1.2.25]。
02-Jan-2021 16:32:29.005 信息 [main] org.apache.catalina.core.AprLifecycleListener.lifecycleEvent APR功能：IPv6[true]、sendfile[true]、accept filters[false]、random[true]。
02-Jan-2021 16:32:29.007 信息 [main] org.apache.catalina.core.AprLifecycleListener.lifecycleEvent APR/OpenSSL配置：useAprConnector[false]，useOpenSSL[true]
02-Jan-2021 16:32:29.011 信息 [main] org.apache.catalina.core.AprLifecycleListener.initializeSSL OpenSSL成功初始化 [OpenSSL 1.1.1g  21 Apr 2020]
02-Jan-2021 16:32:29.242 信息 [main] org.apache.coyote.AbstractProtocol.init 初始化协议处理器 ["http-nio-8080"]
02-Jan-2021 16:32:29.633 信息 [main] org.apache.catalina.startup.Catalina.load 服务器在[821]毫秒内初始化
02-Jan-2021 16:32:29.664 信息 [main] org.apache.catalina.core.StandardService.startInternal 正在启动服务[Catalina]
02-Jan-2021 16:32:29.664 信息 [main] org.apache.catalina.core.StandardEngine.startInternal 正在启动 Servlet 引擎：[Apache Tomcat/9.0.41]
02-Jan-2021 16:32:29.680 信息 [main] org.apache.catalina.startup.HostConfig.deployDirectory 把web 应用程序部署到目录 [F:\Git_Repositories\J2EE-servelet\tools\tomcat9\apache-tomcat-9.0.41\webapps\docs]
02-Jan-2021 16:32:29.855 信息 [main] org.apache.catalina.startup.HostConfig.deployDirectory Web应用程序目录[F:\Git_Repositories\J2EE-servelet\tools\tomcat9\apache-tomcat-9.0.41\webapps\docs]的部署已在[188]毫秒内完成
02-Jan-2021 16:32:29.862 信息 [main] org.apache.catalina.startup.HostConfig.deployDirectory 把web 应用程序部署到目录 [F:\Git_Repositories\J2EE-servelet\tools\tomcat9\apache-tomcat-9.0.41\webapps\examples]
02-Jan-2021 16:32:30.089 信息 [main] org.apache.catalina.startup.HostConfig.deployDirectory Web应用程序目录[F:\Git_Repositories\J2EE-servelet\tools\tomcat9\apache-tomcat-9.0.41\webapps\examples]的部署已在[227]毫秒内完成
02-Jan-2021 16:32:30.105 信息 [main] org.apache.catalina.startup.HostConfig.deployDirectory 把web 应用程序部署到目录 [F:\Git_Repositories\J2EE-servelet\tools\tomcat9\apache-tomcat-9.0.41\webapps\FirstApp]
02-Jan-2021 16:32:30.136 信息 [main] org.apache.catalina.startup.HostConfig.deployDirectory Web应用程序目录[F:\Git_Repositories\J2EE-servelet\tools\tomcat9\apache-tomcat-9.0.41\webapps\FirstApp]的部署已在[31]毫秒内完成
02-Jan-2021 16:32:30.136 信息 [main] org.apache.catalina.startup.HostConfig.deployDirectory 把web 应用程序部署到目录 [F:\Git_Repositories\J2EE-servelet\tools\tomcat9\apache-tomcat-9.0.41\webapps\host-manager]
02-Jan-2021 16:32:30.167 信息 [main] org.apache.catalina.startup.HostConfig.deployDirectory Web应用程序目录[F:\Git_Repositories\J2EE-servelet\tools\tomcat9\apache-tomcat-9.0.41\webapps\host-manager]的部署已在[31]毫秒内完成
02-Jan-2021 16:32:30.167 信息 [main] org.apache.catalina.startup.HostConfig.deployDirectory 把web 应用程序部署到目录 [F:\Git_Repositories\J2EE-servelet\tools\tomcat9\apache-tomcat-9.0.41\webapps\manager]
02-Jan-2021 16:32:30.183 信息 [main] org.apache.catalina.startup.HostConfig.deployDirectory Web应用程序目录[F:\Git_Repositories\J2EE-servelet\tools\tomcat9\apache-tomcat-9.0.41\webapps\manager]的部署已在[16]毫秒内完成
02-Jan-2021 16:32:30.183 信息 [main] org.apache.catalina.startup.HostConfig.deployDirectory 把web 应用程序部署到目录 [F:\Git_Repositories\J2EE-servelet\tools\tomcat9\apache-tomcat-9.0.41\webapps\ROOT]
02-Jan-2021 16:32:30.198 信息 [main] org.apache.catalina.startup.HostConfig.deployDirectory Web应用程序目录[F:\Git_Repositories\J2EE-servelet\tools\tomcat9\apache-tomcat-9.0.41\webapps\ROOT]的部署已在[15]毫秒内完成
02-Jan-2021 16:32:30.214 信息 [main] org.apache.coyote.AbstractProtocol.start 开始协议处理句柄["http-nio-8080"]
02-Jan-2021 16:32:30.230 信息 [main] org.apache.catalina.startup.Catalina.start [588]毫秒后服务器启动
02-Jan-2021 16:32:39.967 信息 [main] org.apache.catalina.core.StandardServer.await 通过关闭端口接收到有效的关闭命令。正在停止服务器实例。
02-Jan-2021 16:32:39.983 信息 [main] org.apache.coyote.AbstractProtocol.pause 暂停ProtocolHandler["http-nio-8080"]
02-Jan-2021 16:32:40.368 信息 [main] org.apache.catalina.core.StandardService.stopInternal 正在停止服务[Catalina]
02-Jan-2021 16:32:40.383 信息 [main] org.apache.coyote.AbstractProtocol.stop 正在停止ProtocolHandler ["http-nio-8080"]
02-Jan-2021 16:32:40.414 信息 [main] org.apache.coyote.AbstractProtocol.destroy 正在摧毁协议处理器 ["http-nio-8080"]
02-Jan-2021 16:33:31.975 信息 [main] org.apache.catalina.startup.VersionLoggerListener.log Server.服务器版本: Apache Tomcat/9.0.41
02-Jan-2021 16:33:31.977 信息 [main] org.apache.catalina.startup.VersionLoggerListener.log 服务器构建:        Dec 3 2020 11:43:00 UTC
02-Jan-2021 16:33:31.977 信息 [main] org.apache.catalina.startup.VersionLoggerListener.log 服务器版本号:      9.0.41.0
02-Jan-2021 16:33:31.978 信息 [main] org.apache.catalina.startup.VersionLoggerListener.log 操作系统名称:      Windows 10
02-Jan-2021 16:33:31.978 信息 [main] org.apache.catalina.startup.VersionLoggerListener.log OS.版本:           10.0
02-Jan-2021 16:33:31.978 信息 [main] org.apache.catalina.startup.VersionLoggerListener.log 架构:              amd64
02-Jan-2021 16:33:31.978 信息 [main] org.apache.catalina.startup.VersionLoggerListener.log Java 环境变量:     E:\JAVASE1.8\jre
02-Jan-2021 16:33:31.978 信息 [main] org.apache.catalina.startup.VersionLoggerListener.log Java虚拟机版本:    1.8.0_271-b09
02-Jan-2021 16:33:31.979 信息 [main] org.apache.catalina.startup.VersionLoggerListener.log JVM.供应商:        Oracle Corporation
02-Jan-2021 16:33:31.979 信息 [main] org.apache.catalina.startup.VersionLoggerListener.log CATALINA_BASE:     F:\Git_Repositories\J2EE-servelet\tools\tomcat9\apache-tomcat-9.0.41
02-Jan-2021 16:33:31.979 信息 [main] org.apache.catalina.startup.VersionLoggerListener.log CATALINA_HOME:     F:\Git_Repositories\J2EE-servelet\tools\tomcat9\apache-tomcat-9.0.41
02-Jan-2021 16:33:31.979 信息 [main] org.apache.catalina.startup.VersionLoggerListener.log 命令行参数：       -Djava.util.logging.config.file=F:\Git_Repositories\J2EE-servelet\tools\tomcat9\apache-tomcat-9.0.41\conf\logging.properties
02-Jan-2021 16:33:31.980 信息 [main] org.apache.catalina.startup.VersionLoggerListener.log 命令行参数：       -Djava.util.logging.manager=org.apache.juli.ClassLoaderLogManager
02-Jan-2021 16:33:31.980 信息 [main] org.apache.catalina.startup.VersionLoggerListener.log 命令行参数：       -Djdk.tls.ephemeralDHKeySize=2048
02-Jan-2021 16:33:31.980 信息 [main] org.apache.catalina.startup.VersionLoggerListener.log 命令行参数：       -Djava.protocol.handler.pkgs=org.apache.catalina.webresources
02-Jan-2021 16:33:31.983 信息 [main] org.apache.catalina.startup.VersionLoggerListener.log 命令行参数：       -Dignore.endorsed.dirs=
02-Jan-2021 16:33:31.983 信息 [main] org.apache.catalina.startup.VersionLoggerListener.log 命令行参数：       -Dcatalina.base=F:\Git_Repositories\J2EE-servelet\tools\tomcat9\apache-tomcat-9.0.41
02-Jan-2021 16:33:31.984 信息 [main] org.apache.catalina.startup.VersionLoggerListener.log 命令行参数：       -Dcatalina.home=F:\Git_Repositories\J2EE-servelet\tools\tomcat9\apache-tomcat-9.0.41
02-Jan-2021 16:33:31.985 信息 [main] org.apache.catalina.startup.VersionLoggerListener.log 命令行参数：       -Djava.io.tmpdir=F:\Git_Repositories\J2EE-servelet\tools\tomcat9\apache-tomcat-9.0.41\temp
02-Jan-2021 16:33:31.987 信息 [main] org.apache.catalina.core.AprLifecycleListener.lifecycleEvent 使用APR版本[1.7.0]加载了基于APR的Apache Tomcat本机库[1.2.25]。
02-Jan-2021 16:33:31.994 信息 [main] org.apache.catalina.core.AprLifecycleListener.lifecycleEvent APR功能：IPv6[true]、sendfile[true]、accept filters[false]、random[true]。
02-Jan-2021 16:33:31.995 信息 [main] org.apache.catalina.core.AprLifecycleListener.lifecycleEvent APR/OpenSSL配置：useAprConnector[false]，useOpenSSL[true]
02-Jan-2021 16:33:31.999 信息 [main] org.apache.catalina.core.AprLifecycleListener.initializeSSL OpenSSL成功初始化 [OpenSSL 1.1.1g  21 Apr 2020]
02-Jan-2021 16:33:32.242 信息 [main] org.apache.coyote.AbstractProtocol.init 初始化协议处理器 ["http-nio-8080"]
02-Jan-2021 16:33:32.648 信息 [main] org.apache.catalina.startup.Catalina.load 服务器在[827]毫秒内初始化
02-Jan-2021 16:33:32.664 信息 [main] org.apache.catalina.core.StandardService.startInternal 正在启动服务[Catalina]
02-Jan-2021 16:33:32.664 信息 [main] org.apache.catalina.core.StandardEngine.startInternal 正在启动 Servlet 引擎：[Apache Tomcat/9.0.41]
02-Jan-2021 16:33:32.679 信息 [main] org.apache.catalina.startup.HostConfig.deployDirectory 把web 应用程序部署到目录 [F:\Git_Repositories\J2EE-servelet\tools\tomcat9\apache-tomcat-9.0.41\webapps\docs]
02-Jan-2021 16:33:32.865 信息 [main] org.apache.catalina.startup.HostConfig.deployDirectory Web应用程序目录[F:\Git_Repositories\J2EE-servelet\tools\tomcat9\apache-tomcat-9.0.41\webapps\docs]的部署已在[185]毫秒内完成
02-Jan-2021 16:33:32.866 信息 [main] org.apache.catalina.startup.HostConfig.deployDirectory 把web 应用程序部署到目录 [F:\Git_Repositories\J2EE-servelet\tools\tomcat9\apache-tomcat-9.0.41\webapps\examples]
02-Jan-2021 16:33:33.111 信息 [main] org.apache.catalina.startup.HostConfig.deployDirectory Web应用程序目录[F:\Git_Repositories\J2EE-servelet\tools\tomcat9\apache-tomcat-9.0.41\webapps\examples]的部署已在[245]毫秒内完成
02-Jan-2021 16:33:33.119 信息 [main] org.apache.catalina.startup.HostConfig.deployDirectory 把web 应用程序部署到目录 [F:\Git_Repositories\J2EE-servelet\tools\tomcat9\apache-tomcat-9.0.41\webapps\FirstApp]
02-Jan-2021 16:33:33.149 信息 [main] org.apache.catalina.startup.HostConfig.deployDirectory Web应用程序目录[F:\Git_Repositories\J2EE-servelet\tools\tomcat9\apache-tomcat-9.0.41\webapps\FirstApp]的部署已在[30]毫秒内完成
02-Jan-2021 16:33:33.156 信息 [main] org.apache.catalina.startup.HostConfig.deployDirectory 把web 应用程序部署到目录 [F:\Git_Repositories\J2EE-servelet\tools\tomcat9\apache-tomcat-9.0.41\webapps\host-manager]
02-Jan-2021 16:33:33.183 信息 [main] org.apache.catalina.startup.HostConfig.deployDirectory Web应用程序目录[F:\Git_Repositories\J2EE-servelet\tools\tomcat9\apache-tomcat-9.0.41\webapps\host-manager]的部署已在[27]毫秒内完成
02-Jan-2021 16:33:33.190 信息 [main] org.apache.catalina.startup.HostConfig.deployDirectory 把web 应用程序部署到目录 [F:\Git_Repositories\J2EE-servelet\tools\tomcat9\apache-tomcat-9.0.41\webapps\manager]
02-Jan-2021 16:33:33.217 信息 [main] org.apache.catalina.startup.HostConfig.deployDirectory Web应用程序目录[F:\Git_Repositories\J2EE-servelet\tools\tomcat9\apache-tomcat-9.0.41\webapps\manager]的部署已在[27]毫秒内完成
02-Jan-2021 16:33:33.226 信息 [main] org.apache.catalina.startup.HostConfig.deployDirectory 把web 应用程序部署到目录 [F:\Git_Repositories\J2EE-servelet\tools\tomcat9\apache-tomcat-9.0.41\webapps\ROOT]
02-Jan-2021 16:33:33.251 信息 [main] org.apache.catalina.startup.HostConfig.deployDirectory Web应用程序目录[F:\Git_Repositories\J2EE-servelet\tools\tomcat9\apache-tomcat-9.0.41\webapps\ROOT]的部署已在[25]毫秒内完成
02-Jan-2021 16:33:33.263 信息 [main] org.apache.coyote.AbstractProtocol.start 开始协议处理句柄["http-nio-8080"]
02-Jan-2021 16:33:33.271 信息 [main] org.apache.catalina.startup.Catalina.start [617]毫秒后服务器启动
02-Jan-2021 16:34:34.052 信息 [main] org.apache.catalina.core.StandardServer.await 通过关闭端口接收到有效的关闭命令。正在停止服务器实例。
02-Jan-2021 16:34:34.052 信息 [main] org.apache.coyote.AbstractProtocol.pause 暂停ProtocolHandler["http-nio-8080"]
02-Jan-2021 16:34:34.424 信息 [main] org.apache.catalina.core.StandardService.stopInternal 正在停止服务[Catalina]
02-Jan-2021 16:34:34.424 信息 [main] org.apache.coyote.AbstractProtocol.stop 正在停止ProtocolHandler ["http-nio-8080"]
02-Jan-2021 16:34:34.471 信息 [main] org.apache.coyote.AbstractProtocol.destroy 正在摧毁协议处理器 ["http-nio-8080"]
02-Jan-2021 22:09:09.534 信息 [main] org.apache.catalina.startup.VersionLoggerListener.log Server.服务器版本: Apache Tomcat/9.0.41
02-Jan-2021 22:09:09.534 信息 [main] org.apache.catalina.startup.VersionLoggerListener.log 服务器构建:        Dec 3 2020 11:43:00 UTC
02-Jan-2021 22:09:09.534 信息 [main] org.apache.catalina.startup.VersionLoggerListener.log 服务器版本号:      9.0.41.0
02-Jan-2021 22:09:09.534 信息 [main] org.apache.catalina.startup.VersionLoggerListener.log 操作系统名称:      Windows 10
02-Jan-2021 22:09:09.534 信息 [main] org.apache.catalina.startup.VersionLoggerListener.log OS.版本:           10.0
02-Jan-2021 22:09:09.534 信息 [main] org.apache.catalina.startup.VersionLoggerListener.log 架构:              amd64
02-Jan-2021 22:09:09.534 信息 [main] org.apache.catalina.startup.VersionLoggerListener.log Java 环境变量:     E:\JAVASE1.8\jre
02-Jan-2021 22:09:09.534 信息 [main] org.apache.catalina.startup.VersionLoggerListener.log Java虚拟机版本:    1.8.0_271-b09
02-Jan-2021 22:09:09.534 信息 [main] org.apache.catalina.startup.VersionLoggerListener.log JVM.供应商:        Oracle Corporation
02-Jan-2021 22:09:09.534 信息 [main] org.apache.catalina.startup.VersionLoggerListener.log CATALINA_BASE:     F:\Git_Repositories\J2EE-servelet\tools\tomcat9\apache-tomcat-9.0.41
02-Jan-2021 22:09:09.534 信息 [main] org.apache.catalina.startup.VersionLoggerListener.log CATALINA_HOME:     F:\Git_Repositories\J2EE-servelet\tools\tomcat9\apache-tomcat-9.0.41
02-Jan-2021 22:09:09.534 信息 [main] org.apache.catalina.startup.VersionLoggerListener.log 命令行参数：       -Djava.util.logging.config.file=F:\Git_Repositories\J2EE-servelet\tools\tomcat9\apache-tomcat-9.0.41\conf\logging.properties
02-Jan-2021 22:09:09.534 信息 [main] org.apache.catalina.startup.VersionLoggerListener.log 命令行参数：       -Djava.util.logging.manager=org.apache.juli.ClassLoaderLogManager
02-Jan-2021 22:09:09.534 信息 [main] org.apache.catalina.startup.VersionLoggerListener.log 命令行参数：       -Djdk.tls.ephemeralDHKeySize=2048
02-Jan-2021 22:09:09.549 信息 [main] org.apache.catalina.startup.VersionLoggerListener.log 命令行参数：       -Djava.protocol.handler.pkgs=org.apache.catalina.webresources
02-Jan-2021 22:09:09.549 信息 [main] org.apache.catalina.startup.VersionLoggerListener.log 命令行参数：       -Dignore.endorsed.dirs=
02-Jan-2021 22:09:09.549 信息 [main] org.apache.catalina.startup.VersionLoggerListener.log 命令行参数：       -Dcatalina.base=F:\Git_Repositories\J2EE-servelet\tools\tomcat9\apache-tomcat-9.0.41
02-Jan-2021 22:09:09.549 信息 [main] org.apache.catalina.startup.VersionLoggerListener.log 命令行参数：       -Dcatalina.home=F:\Git_Repositories\J2EE-servelet\tools\tomcat9\apache-tomcat-9.0.41
02-Jan-2021 22:09:09.549 信息 [main] org.apache.catalina.startup.VersionLoggerListener.log 命令行参数：       -Djava.io.tmpdir=F:\Git_Repositories\J2EE-servelet\tools\tomcat9\apache-tomcat-9.0.41\temp
02-Jan-2021 22:09:09.549 信息 [main] org.apache.catalina.core.AprLifecycleListener.lifecycleEvent 使用APR版本[1.7.0]加载了基于APR的Apache Tomcat本机库[1.2.25]。
02-Jan-2021 22:09:09.549 信息 [main] org.apache.catalina.core.AprLifecycleListener.lifecycleEvent APR功能：IPv6[true]、sendfile[true]、accept filters[false]、random[true]。
02-Jan-2021 22:09:09.549 信息 [main] org.apache.catalina.core.AprLifecycleListener.lifecycleEvent APR/OpenSSL配置：useAprConnector[false]，useOpenSSL[true]
02-Jan-2021 22:09:09.565 信息 [main] org.apache.catalina.core.AprLifecycleListener.initializeSSL OpenSSL成功初始化 [OpenSSL 1.1.1g  21 Apr 2020]
02-Jan-2021 22:09:09.852 信息 [main] org.apache.coyote.AbstractProtocol.init 初始化协议处理器 ["http-nio-8080"]
02-Jan-2021 22:09:10.198 信息 [main] org.apache.catalina.startup.Catalina.load 服务器在[833]毫秒内初始化
02-Jan-2021 22:09:10.230 信息 [main] org.apache.catalina.core.StandardService.startInternal 正在启动服务[Catalina]
02-Jan-2021 22:09:10.230 信息 [main] org.apache.catalina.core.StandardEngine.startInternal 正在启动 Servlet 引擎：[Apache Tomcat/9.0.41]
02-Jan-2021 22:09:10.230 信息 [main] org.apache.catalina.startup.HostConfig.deployDirectory 把web 应用程序部署到目录 [F:\Git_Repositories\J2EE-servelet\tools\tomcat9\apache-tomcat-9.0.41\webapps\docs]
02-Jan-2021 22:09:10.417 信息 [main] org.apache.catalina.startup.HostConfig.deployDirectory Web应用程序目录[F:\Git_Repositories\J2EE-servelet\tools\tomcat9\apache-tomcat-9.0.41\webapps\docs]的部署已在[187]毫秒内完成
02-Jan-2021 22:09:10.417 信息 [main] org.apache.catalina.startup.HostConfig.deployDirectory 把web 应用程序部署到目录 [F:\Git_Repositories\J2EE-servelet\tools\tomcat9\apache-tomcat-9.0.41\webapps\examples]
02-Jan-2021 22:09:10.651 信息 [main] org.apache.catalina.startup.HostConfig.deployDirectory Web应用程序目录[F:\Git_Repositories\J2EE-servelet\tools\tomcat9\apache-tomcat-9.0.41\webapps\examples]的部署已在[234]毫秒内完成
02-Jan-2021 22:09:10.651 信息 [main] org.apache.catalina.startup.HostConfig.deployDirectory 把web 应用程序部署到目录 [F:\Git_Repositories\J2EE-servelet\tools\tomcat9\apache-tomcat-9.0.41\webapps\FirstApp]
02-Jan-2021 22:09:10.683 信息 [main] org.apache.catalina.startup.HostConfig.deployDirectory Web应用程序目录[F:\Git_Repositories\J2EE-servelet\tools\tomcat9\apache-tomcat-9.0.41\webapps\FirstApp]的部署已在[32]毫秒内完成
02-Jan-2021 22:09:10.683 信息 [main] org.apache.catalina.startup.HostConfig.deployDirectory 把web 应用程序部署到目录 [F:\Git_Repositories\J2EE-servelet\tools\tomcat9\apache-tomcat-9.0.41\webapps\FirstServletWebApp]
02-Jan-2021 22:09:10.714 信息 [main] org.apache.catalina.startup.HostConfig.deployDirectory Web应用程序目录[F:\Git_Repositories\J2EE-servelet\tools\tomcat9\apache-tomcat-9.0.41\webapps\FirstServletWebApp]的部署已在[31]毫秒内完成
02-Jan-2021 22:09:10.729 信息 [main] org.apache.catalina.startup.HostConfig.deployDirectory 把web 应用程序部署到目录 [F:\Git_Repositories\J2EE-servelet\tools\tomcat9\apache-tomcat-9.0.41\webapps\host-manager]
02-Jan-2021 22:09:10.758 信息 [main] org.apache.catalina.startup.HostConfig.deployDirectory Web应用程序目录[F:\Git_Repositories\J2EE-servelet\tools\tomcat9\apache-tomcat-9.0.41\webapps\host-manager]的部署已在[29]毫秒内完成
02-Jan-2021 22:09:10.767 信息 [main] org.apache.catalina.startup.HostConfig.deployDirectory 把web 应用程序部署到目录 [F:\Git_Repositories\J2EE-servelet\tools\tomcat9\apache-tomcat-9.0.41\webapps\manager]
02-Jan-2021 22:09:10.788 信息 [main] org.apache.catalina.startup.HostConfig.deployDirectory Web应用程序目录[F:\Git_Repositories\J2EE-servelet\tools\tomcat9\apache-tomcat-9.0.41\webapps\manager]的部署已在[21]毫秒内完成
02-Jan-2021 22:09:10.800 信息 [main] org.apache.catalina.startup.HostConfig.deployDirectory 把web 应用程序部署到目录 [F:\Git_Repositories\J2EE-servelet\tools\tomcat9\apache-tomcat-9.0.41\webapps\ROOT]
02-Jan-2021 22:09:10.817 信息 [main] org.apache.catalina.startup.HostConfig.deployDirectory Web应用程序目录[F:\Git_Repositories\J2EE-servelet\tools\tomcat9\apache-tomcat-9.0.41\webapps\ROOT]的部署已在[17]毫秒内完成
02-Jan-2021 22:09:10.828 信息 [main] org.apache.coyote.AbstractProtocol.start 开始协议处理句柄["http-nio-8080"]
02-Jan-2021 22:09:10.839 信息 [main] org.apache.catalina.startup.Catalina.start [627]毫秒后服务器启动
02-Jan-2021 22:46:38.605 信息 [main] org.apache.catalina.core.StandardServer.await 通过关闭端口接收到有效的关闭命令。正在停止服务器实例。
02-Jan-2021 22:46:38.621 信息 [main] org.apache.coyote.AbstractProtocol.pause 暂停ProtocolHandler["http-nio-8080"]
02-Jan-2021 22:46:38.932 信息 [main] org.apache.catalina.core.StandardService.stopInternal 正在停止服务[Catalina]
02-Jan-2021 22:46:38.948 信息 [main] org.apache.coyote.AbstractProtocol.stop 正在停止ProtocolHandler ["http-nio-8080"]
02-Jan-2021 22:46:38.979 信息 [main] org.apache.coyote.AbstractProtocol.destroy 正在摧毁协议处理器 ["http-nio-8080"]
02-Jan-2021 23:02:09.804 信息 [main] org.apache.catalina.startup.VersionLoggerListener.log Server.服务器版本: Apache Tomcat/9.0.41
02-Jan-2021 23:02:09.804 信息 [main] org.apache.catalina.startup.VersionLoggerListener.log 服务器构建:        Dec 3 2020 11:43:00 UTC
02-Jan-2021 23:02:09.804 信息 [main] org.apache.catalina.startup.VersionLoggerListener.log 服务器版本号:      9.0.41.0
02-Jan-2021 23:02:09.804 信息 [main] org.apache.catalina.startup.VersionLoggerListener.log 操作系统名称:      Windows 10
02-Jan-2021 23:02:09.804 信息 [main] org.apache.catalina.startup.VersionLoggerListener.log OS.版本:           10.0
02-Jan-2021 23:02:09.804 信息 [main] org.apache.catalina.startup.VersionLoggerListener.log 架构:              amd64
02-Jan-2021 23:02:09.804 信息 [main] org.apache.catalina.startup.VersionLoggerListener.log Java 环境变量:     E:\JAVASE1.8\jre
02-Jan-2021 23:02:09.804 信息 [main] org.apache.catalina.startup.VersionLoggerListener.log Java虚拟机版本:    1.8.0_271-b09
02-Jan-2021 23:02:09.804 信息 [main] org.apache.catalina.startup.VersionLoggerListener.log JVM.供应商:        Oracle Corporation
02-Jan-2021 23:02:09.804 信息 [main] org.apache.catalina.startup.VersionLoggerListener.log CATALINA_BASE:     F:\Git_Repositories\J2EE-servelet\tools\tomcat9\apache-tomcat-9.0.41
02-Jan-2021 23:02:09.804 信息 [main] org.apache.catalina.startup.VersionLoggerListener.log CATALINA_HOME:     F:\Git_Repositories\J2EE-servelet\tools\tomcat9\apache-tomcat-9.0.41
02-Jan-2021 23:02:09.804 信息 [main] org.apache.catalina.startup.VersionLoggerListener.log 命令行参数：       -Djava.util.logging.config.file=F:\Git_Repositories\J2EE-servelet\tools\tomcat9\apache-tomcat-9.0.41\conf\logging.properties
02-Jan-2021 23:02:09.804 信息 [main] org.apache.catalina.startup.VersionLoggerListener.log 命令行参数：       -Djava.util.logging.manager=org.apache.juli.ClassLoaderLogManager
02-Jan-2021 23:02:09.804 信息 [main] org.apache.catalina.startup.VersionLoggerListener.log 命令行参数：       -Djdk.tls.ephemeralDHKeySize=2048
02-Jan-2021 23:02:09.804 信息 [main] org.apache.catalina.startup.VersionLoggerListener.log 命令行参数：       -Djava.protocol.handler.pkgs=org.apache.catalina.webresources
02-Jan-2021 23:02:09.804 信息 [main] org.apache.catalina.startup.VersionLoggerListener.log 命令行参数：       -Dignore.endorsed.dirs=
02-Jan-2021 23:02:09.804 信息 [main] org.apache.catalina.startup.VersionLoggerListener.log 命令行参数：       -Dcatalina.base=F:\Git_Repositories\J2EE-servelet\tools\tomcat9\apache-tomcat-9.0.41
02-Jan-2021 23:02:09.804 信息 [main] org.apache.catalina.startup.VersionLoggerListener.log 命令行参数：       -Dcatalina.home=F:\Git_Repositories\J2EE-servelet\tools\tomcat9\apache-tomcat-9.0.41
02-Jan-2021 23:02:09.804 信息 [main] org.apache.catalina.startup.VersionLoggerListener.log 命令行参数：       -Djava.io.tmpdir=F:\Git_Repositories\J2EE-servelet\tools\tomcat9\apache-tomcat-9.0.41\temp
02-Jan-2021 23:02:09.820 信息 [main] org.apache.catalina.core.AprLifecycleListener.lifecycleEvent 使用APR版本[1.7.0]加载了基于APR的Apache Tomcat本机库[1.2.25]。
02-Jan-2021 23:02:09.820 信息 [main] org.apache.catalina.core.AprLifecycleListener.lifecycleEvent APR功能：IPv6[true]、sendfile[true]、accept filters[false]、random[true]。
02-Jan-2021 23:02:09.820 信息 [main] org.apache.catalina.core.AprLifecycleListener.lifecycleEvent APR/OpenSSL配置：useAprConnector[false]，useOpenSSL[true]
02-Jan-2021 23:02:09.820 信息 [main] org.apache.catalina.core.AprLifecycleListener.initializeSSL OpenSSL成功初始化 [OpenSSL 1.1.1g  21 Apr 2020]
02-Jan-2021 23:02:10.101 信息 [main] org.apache.coyote.AbstractProtocol.init 初始化协议处理器 ["http-nio-8080"]
02-Jan-2021 23:02:10.460 信息 [main] org.apache.catalina.startup.Catalina.load 服务器在[825]毫秒内初始化
02-Jan-2021 23:02:10.476 信息 [main] org.apache.catalina.core.StandardService.startInternal 正在启动服务[Catalina]
02-Jan-2021 23:02:10.476 信息 [main] org.apache.catalina.core.StandardEngine.startInternal 正在启动 Servlet 引擎：[Apache Tomcat/9.0.41]
02-Jan-2021 23:02:10.491 信息 [main] org.apache.catalina.startup.HostConfig.deployDirectory 把web 应用程序部署到目录 [F:\Git_Repositories\J2EE-servelet\tools\tomcat9\apache-tomcat-9.0.41\webapps\docs]
02-Jan-2021 23:02:10.704 信息 [main] org.apache.catalina.startup.HostConfig.deployDirectory Web应用程序目录[F:\Git_Repositories\J2EE-servelet\tools\tomcat9\apache-tomcat-9.0.41\webapps\docs]的部署已在[211]毫秒内完成
02-Jan-2021 23:02:10.711 信息 [main] org.apache.catalina.startup.HostConfig.deployDirectory 把web 应用程序部署到目录 [F:\Git_Repositories\J2EE-servelet\tools\tomcat9\apache-tomcat-9.0.41\webapps\examples]
02-Jan-2021 23:02:10.947 信息 [main] org.apache.catalina.startup.HostConfig.deployDirectory Web应用程序目录[F:\Git_Repositories\J2EE-servelet\tools\tomcat9\apache-tomcat-9.0.41\webapps\examples]的部署已在[235]毫秒内完成
02-Jan-2021 23:02:10.954 信息 [main] org.apache.catalina.startup.HostConfig.deployDirectory 把web 应用程序部署到目录 [F:\Git_Repositories\J2EE-servelet\tools\tomcat9\apache-tomcat-9.0.41\webapps\FirstApp]
02-Jan-2021 23:02:10.981 信息 [main] org.apache.catalina.startup.HostConfig.deployDirectory Web应用程序目录[F:\Git_Repositories\J2EE-servelet\tools\tomcat9\apache-tomcat-9.0.41\webapps\FirstApp]的部署已在[28]毫秒内完成
02-Jan-2021 23:02:10.990 信息 [main] org.apache.catalina.startup.HostConfig.deployDirectory 把web 应用程序部署到目录 [F:\Git_Repositories\J2EE-servelet\tools\tomcat9\apache-tomcat-9.0.41\webapps\FirstServletWebApp]
02-Jan-2021 23:02:11.014 信息 [main] org.apache.catalina.startup.HostConfig.deployDirectory Web应用程序目录[F:\Git_Repositories\J2EE-servelet\tools\tomcat9\apache-tomcat-9.0.41\webapps\FirstServletWebApp]的部署已在[25]毫秒内完成
02-Jan-2021 23:02:11.021 信息 [main] org.apache.catalina.startup.HostConfig.deployDirectory 把web 应用程序部署到目录 [F:\Git_Repositories\J2EE-servelet\tools\tomcat9\apache-tomcat-9.0.41\webapps\host-manager]
02-Jan-2021 23:02:11.049 信息 [main] org.apache.catalina.startup.HostConfig.deployDirectory Web应用程序目录[F:\Git_Repositories\J2EE-servelet\tools\tomcat9\apache-tomcat-9.0.41\webapps\host-manager]的部署已在[28]毫秒内完成
02-Jan-2021 23:02:11.057 信息 [main] org.apache.catalina.startup.HostConfig.deployDirectory 把web 应用程序部署到目录 [F:\Git_Repositories\J2EE-servelet\tools\tomcat9\apache-tomcat-9.0.41\webapps\manager]
02-Jan-2021 23:02:11.080 信息 [main] org.apache.catalina.startup.HostConfig.deployDirectory Web应用程序目录[F:\Git_Repositories\J2EE-servelet\tools\tomcat9\apache-tomcat-9.0.41\webapps\manager]的部署已在[22]毫秒内完成
02-Jan-2021 23:02:11.088 信息 [main] org.apache.catalina.startup.HostConfig.deployDirectory 把web 应用程序部署到目录 [F:\Git_Repositories\J2EE-servelet\tools\tomcat9\apache-tomcat-9.0.41\webapps\ROOT]
02-Jan-2021 23:02:11.113 信息 [main] org.apache.catalina.startup.HostConfig.deployDirectory Web应用程序目录[F:\Git_Repositories\J2EE-servelet\tools\tomcat9\apache-tomcat-9.0.41\webapps\ROOT]的部署已在[25]毫秒内完成
02-Jan-2021 23:02:11.128 信息 [main] org.apache.coyote.AbstractProtocol.start 开始协议处理句柄["http-nio-8080"]
02-Jan-2021 23:02:11.139 信息 [main] org.apache.catalina.startup.Catalina.start [675]毫秒后服务器启动
02-Jan-2021 23:05:32.721 信息 [main] org.apache.catalina.core.StandardServer.await 通过关闭端口接收到有效的关闭命令。正在停止服务器实例。
02-Jan-2021 23:05:32.721 信息 [main] org.apache.coyote.AbstractProtocol.pause 暂停ProtocolHandler["http-nio-8080"]
02-Jan-2021 23:05:33.062 信息 [main] org.apache.catalina.core.StandardService.stopInternal 正在停止服务[Catalina]
02-Jan-2021 23:05:33.078 信息 [main] org.apache.coyote.AbstractProtocol.stop 正在停止ProtocolHandler ["http-nio-8080"]
02-Jan-2021 23:05:33.109 信息 [main] org.apache.coyote.AbstractProtocol.destroy 正在摧毁协议处理器 ["http-nio-8080"]
02-Jan-2021 23:07:14.021 信息 [main] org.apache.catalina.startup.VersionLoggerListener.log Server.服务器版本: Apache Tomcat/9.0.41
02-Jan-2021 23:07:14.036 信息 [main] org.apache.catalina.startup.VersionLoggerListener.log 服务器构建:        Dec 3 2020 11:43:00 UTC
02-Jan-2021 23:07:14.036 信息 [main] org.apache.catalina.startup.VersionLoggerListener.log 服务器版本号:      9.0.41.0
02-Jan-2021 23:07:14.036 信息 [main] org.apache.catalina.startup.VersionLoggerListener.log 操作系统名称:      Windows 10
02-Jan-2021 23:07:14.036 信息 [main] org.apache.catalina.startup.VersionLoggerListener.log OS.版本:           10.0
02-Jan-2021 23:07:14.036 信息 [main] org.apache.catalina.startup.VersionLoggerListener.log 架构:              amd64
02-Jan-2021 23:07:14.036 信息 [main] org.apache.catalina.startup.VersionLoggerListener.log Java 环境变量:     E:\JAVASE1.8\jre
02-Jan-2021 23:07:14.036 信息 [main] org.apache.catalina.startup.VersionLoggerListener.log Java虚拟机版本:    1.8.0_271-b09
02-Jan-2021 23:07:14.036 信息 [main] org.apache.catalina.startup.VersionLoggerListener.log JVM.供应商:        Oracle Corporation
02-Jan-2021 23:07:14.036 信息 [main] org.apache.catalina.startup.VersionLoggerListener.log CATALINA_BASE:     F:\Git_Repositories\J2EE-servelet\tools\tomcat9\apache-tomcat-9.0.41
02-Jan-2021 23:07:14.036 信息 [main] org.apache.catalina.startup.VersionLoggerListener.log CATALINA_HOME:     F:\Git_Repositories\J2EE-servelet\tools\tomcat9\apache-tomcat-9.0.41
02-Jan-2021 23:07:14.036 信息 [main] org.apache.catalina.startup.VersionLoggerListener.log 命令行参数：       -Djava.util.logging.config.file=F:\Git_Repositories\J2EE-servelet\tools\tomcat9\apache-tomcat-9.0.41\conf\logging.properties
02-Jan-2021 23:07:14.036 信息 [main] org.apache.catalina.startup.VersionLoggerListener.log 命令行参数：       -Djava.util.logging.manager=org.apache.juli.ClassLoaderLogManager
02-Jan-2021 23:07:14.036 信息 [main] org.apache.catalina.startup.VersionLoggerListener.log 命令行参数：       -Djdk.tls.ephemeralDHKeySize=2048
02-Jan-2021 23:07:14.036 信息 [main] org.apache.catalina.startup.VersionLoggerListener.log 命令行参数：       -Djava.protocol.handler.pkgs=org.apache.catalina.webresources
02-Jan-2021 23:07:14.036 信息 [main] org.apache.catalina.startup.VersionLoggerListener.log 命令行参数：       -Dignore.endorsed.dirs=
02-Jan-2021 23:07:14.036 信息 [main] org.apache.catalina.startup.VersionLoggerListener.log 命令行参数：       -Dcatalina.base=F:\Git_Repositories\J2EE-servelet\tools\tomcat9\apache-tomcat-9.0.41
02-Jan-2021 23:07:14.036 信息 [main] org.apache.catalina.startup.VersionLoggerListener.log 命令行参数：       -Dcatalina.home=F:\Git_Repositories\J2EE-servelet\tools\tomcat9\apache-tomcat-9.0.41
02-Jan-2021 23:07:14.036 信息 [main] org.apache.catalina.startup.VersionLoggerListener.log 命令行参数：       -Djava.io.tmpdir=F:\Git_Repositories\J2EE-servelet\tools\tomcat9\apache-tomcat-9.0.41\temp
02-Jan-2021 23:07:14.036 信息 [main] org.apache.catalina.core.AprLifecycleListener.lifecycleEvent 使用APR版本[1.7.0]加载了基于APR的Apache Tomcat本机库[1.2.25]。
02-Jan-2021 23:07:14.036 信息 [main] org.apache.catalina.core.AprLifecycleListener.lifecycleEvent APR功能：IPv6[true]、sendfile[true]、accept filters[false]、random[true]。
02-Jan-2021 23:07:14.036 信息 [main] org.apache.catalina.core.AprLifecycleListener.lifecycleEvent APR/OpenSSL配置：useAprConnector[false]，useOpenSSL[true]
02-Jan-2021 23:07:14.052 信息 [main] org.apache.catalina.core.AprLifecycleListener.initializeSSL OpenSSL成功初始化 [OpenSSL 1.1.1g  21 Apr 2020]
02-Jan-2021 23:07:14.302 信息 [main] org.apache.coyote.AbstractProtocol.init 初始化协议处理器 ["http-nio-8080"]
02-Jan-2021 23:07:14.712 信息 [main] org.apache.catalina.startup.Catalina.load 服务器在[837]毫秒内初始化
02-Jan-2021 23:07:14.728 信息 [main] org.apache.catalina.core.StandardService.startInternal 正在启动服务[Catalina]
02-Jan-2021 23:07:14.728 信息 [main] org.apache.catalina.core.StandardEngine.startInternal 正在启动 Servlet 引擎：[Apache Tomcat/9.0.41]
02-Jan-2021 23:07:14.744 信息 [main] org.apache.catalina.startup.HostConfig.deployDirectory 把web 应用程序部署到目录 [F:\Git_Repositories\J2EE-servelet\tools\tomcat9\apache-tomcat-9.0.41\webapps\docs]
02-Jan-2021 23:07:14.930 信息 [main] org.apache.catalina.startup.HostConfig.deployDirectory Web应用程序目录[F:\Git_Repositories\J2EE-servelet\tools\tomcat9\apache-tomcat-9.0.41\webapps\docs]的部署已在[186]毫秒内完成
02-Jan-2021 23:07:14.930 信息 [main] org.apache.catalina.startup.HostConfig.deployDirectory 把web 应用程序部署到目录 [F:\Git_Repositories\J2EE-servelet\tools\tomcat9\apache-tomcat-9.0.41\webapps\examples]
02-Jan-2021 23:07:15.164 信息 [main] org.apache.catalina.startup.HostConfig.deployDirectory Web应用程序目录[F:\Git_Repositories\J2EE-servelet\tools\tomcat9\apache-tomcat-9.0.41\webapps\examples]的部署已在[234]毫秒内完成
02-Jan-2021 23:07:15.164 信息 [main] org.apache.catalina.startup.HostConfig.deployDirectory 把web 应用程序部署到目录 [F:\Git_Repositories\J2EE-servelet\tools\tomcat9\apache-tomcat-9.0.41\webapps\FirstApp]
02-Jan-2021 23:07:15.195 信息 [main] org.apache.catalina.startup.HostConfig.deployDirectory Web应用程序目录[F:\Git_Repositories\J2EE-servelet\tools\tomcat9\apache-tomcat-9.0.41\webapps\FirstApp]的部署已在[31]毫秒内完成
02-Jan-2021 23:07:15.195 信息 [main] org.apache.catalina.startup.HostConfig.deployDirectory 把web 应用程序部署到目录 [F:\Git_Repositories\J2EE-servelet\tools\tomcat9\apache-tomcat-9.0.41\webapps\FirstServletWebApp]
02-Jan-2021 23:07:15.211 信息 [main] org.apache.catalina.startup.HostConfig.deployDirectory Web应用程序目录[F:\Git_Repositories\J2EE-servelet\tools\tomcat9\apache-tomcat-9.0.41\webapps\FirstServletWebApp]的部署已在[16]毫秒内完成
02-Jan-2021 23:07:15.211 信息 [main] org.apache.catalina.startup.HostConfig.deployDirectory 把web 应用程序部署到目录 [F:\Git_Repositories\J2EE-servelet\tools\tomcat9\apache-tomcat-9.0.41\webapps\host-manager]
02-Jan-2021 23:07:15.242 信息 [main] org.apache.catalina.startup.HostConfig.deployDirectory Web应用程序目录[F:\Git_Repositories\J2EE-servelet\tools\tomcat9\apache-tomcat-9.0.41\webapps\host-manager]的部署已在[31]毫秒内完成
02-Jan-2021 23:07:15.242 信息 [main] org.apache.catalina.startup.HostConfig.deployDirectory 把web 应用程序部署到目录 [F:\Git_Repositories\J2EE-servelet\tools\tomcat9\apache-tomcat-9.0.41\webapps\manager]
02-Jan-2021 23:07:15.273 信息 [main] org.apache.catalina.startup.HostConfig.deployDirectory Web应用程序目录[F:\Git_Repositories\J2EE-servelet\tools\tomcat9\apache-tomcat-9.0.41\webapps\manager]的部署已在[31]毫秒内完成
02-Jan-2021 23:07:15.273 信息 [main] org.apache.catalina.startup.HostConfig.deployDirectory 把web 应用程序部署到目录 [F:\Git_Repositories\J2EE-servelet\tools\tomcat9\apache-tomcat-9.0.41\webapps\ROOT]
02-Jan-2021 23:07:15.289 信息 [main] org.apache.catalina.startup.HostConfig.deployDirectory Web应用程序目录[F:\Git_Repositories\J2EE-servelet\tools\tomcat9\apache-tomcat-9.0.41\webapps\ROOT]的部署已在[16]毫秒内完成
02-Jan-2021 23:07:15.289 信息 [main] org.apache.coyote.AbstractProtocol.start 开始协议处理句柄["http-nio-8080"]
02-Jan-2021 23:07:15.305 信息 [main] org.apache.catalina.startup.Catalina.start [594]毫秒后服务器启动
02-Jan-2021 23:08:19.890 信息 [main] org.apache.catalina.core.StandardServer.await 通过关闭端口接收到有效的关闭命令。正在停止服务器实例。
02-Jan-2021 23:08:19.898 信息 [main] org.apache.coyote.AbstractProtocol.pause 暂停ProtocolHandler["http-nio-8080"]
02-Jan-2021 23:08:20.219 信息 [main] org.apache.catalina.core.StandardService.stopInternal 正在停止服务[Catalina]
02-Jan-2021 23:08:20.235 信息 [main] org.apache.coyote.AbstractProtocol.stop 正在停止ProtocolHandler ["http-nio-8080"]
02-Jan-2021 23:08:20.266 信息 [main] org.apache.coyote.AbstractProtocol.destroy 正在摧毁协议处理器 ["http-nio-8080"]
