02-Jan-2021 15:45:03.034 信息 [main] org.apache.catalina.core.ApplicationContext.log ContextListener: contextInitialized()
02-Jan-2021 15:45:03.034 信息 [main] org.apache.catalina.core.ApplicationContext.log SessionListener: contextInitialized()
02-Jan-2021 15:45:03.050 信息 [main] org.apache.catalina.core.ApplicationContext.log ContextListener: attributeAdded('StockTicker', 'async.Stockticker@1fb700ee')
02-Jan-2021 16:04:46.612 信息 [main] org.apache.catalina.core.ApplicationContext.log ContextListener: contextInitialized()
02-Jan-2021 16:04:46.612 信息 [main] org.apache.catalina.core.ApplicationContext.log SessionListener: contextInitialized()
02-Jan-2021 16:04:46.613 信息 [main] org.apache.catalina.core.ApplicationContext.log ContextListener: attributeAdded('StockTicker', 'async.Stockticker@3c947bc5')
02-Jan-2021 16:04:46.833 信息 [main] org.apache.catalina.core.ApplicationContext.log SessionListener: contextDestroyed()
02-Jan-2021 16:04:46.833 信息 [main] org.apache.catalina.core.ApplicationContext.log ContextListener: contextDestroyed()
02-Jan-2021 16:06:05.815 信息 [main] org.apache.catalina.core.ApplicationContext.log SessionListener: contextDestroyed()
02-Jan-2021 16:06:05.815 信息 [main] org.apache.catalina.core.ApplicationContext.log ContextListener: contextDestroyed()
02-Jan-2021 16:06:11.926 信息 [main] org.apache.catalina.core.ApplicationContext.log ContextListener: contextInitialized()
02-Jan-2021 16:06:11.926 信息 [main] org.apache.catalina.core.ApplicationContext.log SessionListener: contextInitialized()
02-Jan-2021 16:06:11.927 信息 [main] org.apache.catalina.core.ApplicationContext.log ContextListener: attributeAdded('StockTicker', 'async.Stockticker@4f67eb2a')
02-Jan-2021 16:07:29.943 信息 [main] org.apache.catalina.core.ApplicationContext.log SessionListener: contextDestroyed()
02-Jan-2021 16:07:29.943 信息 [main] org.apache.catalina.core.ApplicationContext.log ContextListener: contextDestroyed()
02-Jan-2021 16:29:56.260 信息 [main] org.apache.catalina.core.ApplicationContext.log ContextListener: contextInitialized()
02-Jan-2021 16:29:56.260 信息 [main] org.apache.catalina.core.ApplicationContext.log SessionListener: contextInitialized()
02-Jan-2021 16:29:56.276 信息 [main] org.apache.catalina.core.ApplicationContext.log ContextListener: attributeAdded('StockTicker', 'async.Stockticker@4f67eb2a')
02-Jan-2021 16:31:39.717 信息 [main] org.apache.catalina.core.ApplicationContext.log SessionListener: contextDestroyed()
02-Jan-2021 16:31:39.717 信息 [main] org.apache.catalina.core.ApplicationContext.log ContextListener: contextDestroyed()
02-Jan-2021 16:32:30.089 信息 [main] org.apache.catalina.core.ApplicationContext.log ContextListener: contextInitialized()
02-Jan-2021 16:32:30.089 信息 [main] org.apache.catalina.core.ApplicationContext.log SessionListener: contextInitialized()
02-Jan-2021 16:32:30.089 信息 [main] org.apache.catalina.core.ApplicationContext.log ContextListener: attributeAdded('StockTicker', 'async.Stockticker@4f67eb2a')
02-Jan-2021 16:32:40.382 信息 [main] org.apache.catalina.core.ApplicationContext.log SessionListener: contextDestroyed()
02-Jan-2021 16:32:40.383 信息 [main] org.apache.catalina.core.ApplicationContext.log ContextListener: contextDestroyed()
02-Jan-2021 16:33:33.104 信息 [main] org.apache.catalina.core.ApplicationContext.log ContextListener: contextInitialized()
02-Jan-2021 16:33:33.104 信息 [main] org.apache.catalina.core.ApplicationContext.log SessionListener: contextInitialized()
02-Jan-2021 16:33:33.105 信息 [main] org.apache.catalina.core.ApplicationContext.log ContextListener: attributeAdded('StockTicker', 'async.Stockticker@4f67eb2a')
02-Jan-2021 16:34:34.424 信息 [main] org.apache.catalina.core.ApplicationContext.log SessionListener: contextDestroyed()
02-Jan-2021 16:34:34.424 信息 [main] org.apache.catalina.core.ApplicationContext.log ContextListener: contextDestroyed()
02-Jan-2021 22:09:10.636 信息 [main] org.apache.catalina.core.ApplicationContext.log ContextListener: contextInitialized()
02-Jan-2021 22:09:10.636 信息 [main] org.apache.catalina.core.ApplicationContext.log SessionListener: contextInitialized()
02-Jan-2021 22:09:10.636 信息 [main] org.apache.catalina.core.ApplicationContext.log ContextListener: attributeAdded('StockTicker', 'async.Stockticker@4f67eb2a')
02-Jan-2021 22:46:38.940 信息 [main] org.apache.catalina.core.ApplicationContext.log SessionListener: contextDestroyed()
02-Jan-2021 22:46:38.940 信息 [main] org.apache.catalina.core.ApplicationContext.log ContextListener: contextDestroyed()
02-Jan-2021 23:02:10.938 信息 [main] org.apache.catalina.core.ApplicationContext.log ContextListener: contextInitialized()
02-Jan-2021 23:02:10.938 信息 [main] org.apache.catalina.core.ApplicationContext.log SessionListener: contextInitialized()
02-Jan-2021 23:02:10.940 信息 [main] org.apache.catalina.core.ApplicationContext.log ContextListener: attributeAdded('StockTicker', 'async.Stockticker@4f67eb2a')
02-Jan-2021 23:05:33.062 信息 [main] org.apache.catalina.core.ApplicationContext.log SessionListener: contextDestroyed()
02-Jan-2021 23:05:33.062 信息 [main] org.apache.catalina.core.ApplicationContext.log ContextListener: contextDestroyed()
02-Jan-2021 23:07:15.164 信息 [main] org.apache.catalina.core.ApplicationContext.log ContextListener: contextInitialized()
02-Jan-2021 23:07:15.164 信息 [main] org.apache.catalina.core.ApplicationContext.log SessionListener: contextInitialized()
02-Jan-2021 23:07:15.164 信息 [main] org.apache.catalina.core.ApplicationContext.log ContextListener: attributeAdded('StockTicker', 'async.Stockticker@4f67eb2a')
02-Jan-2021 23:08:20.219 信息 [main] org.apache.catalina.core.ApplicationContext.log SessionListener: contextDestroyed()
02-Jan-2021 23:08:20.219 信息 [main] org.apache.catalina.core.ApplicationContext.log ContextListener: contextDestroyed()
