03-Jan-2021 00:47:49.050 信息 [main] org.apache.catalina.core.ApplicationContext.log ContextListener: contextInitialized()
03-Jan-2021 00:47:49.050 信息 [main] org.apache.catalina.core.ApplicationContext.log SessionListener: contextInitialized()
03-Jan-2021 00:47:49.051 信息 [main] org.apache.catalina.core.ApplicationContext.log ContextListener: attributeAdded('StockTicker', 'async.Stockticker@4f67eb2a')
03-Jan-2021 00:49:15.257 信息 [main] org.apache.catalina.core.ApplicationContext.log SessionListener: contextDestroyed()
03-Jan-2021 00:49:15.257 信息 [main] org.apache.catalina.core.ApplicationContext.log ContextListener: contextDestroyed()
03-Jan-2021 00:51:06.731 信息 [main] org.apache.catalina.core.ApplicationContext.log ContextListener: contextInitialized()
03-Jan-2021 00:51:06.732 信息 [main] org.apache.catalina.core.ApplicationContext.log SessionListener: contextInitialized()
03-Jan-2021 00:51:06.733 信息 [main] org.apache.catalina.core.ApplicationContext.log ContextListener: attributeAdded('StockTicker', 'async.Stockticker@4f67eb2a')
03-Jan-2021 00:51:41.666 信息 [main] org.apache.catalina.core.ApplicationContext.log SessionListener: contextDestroyed()
03-Jan-2021 00:51:41.666 信息 [main] org.apache.catalina.core.ApplicationContext.log ContextListener: contextDestroyed()
03-Jan-2021 00:52:30.678 信息 [main] org.apache.catalina.core.ApplicationContext.log ContextListener: contextInitialized()
03-Jan-2021 00:52:30.678 信息 [main] org.apache.catalina.core.ApplicationContext.log SessionListener: contextInitialized()
03-Jan-2021 00:52:30.679 信息 [main] org.apache.catalina.core.ApplicationContext.log ContextListener: attributeAdded('StockTicker', 'async.Stockticker@4f67eb2a')
03-Jan-2021 00:53:13.178 信息 [main] org.apache.catalina.core.ApplicationContext.log SessionListener: contextDestroyed()
03-Jan-2021 00:53:13.178 信息 [main] org.apache.catalina.core.ApplicationContext.log ContextListener: contextDestroyed()
03-Jan-2021 00:54:39.795 信息 [main] org.apache.catalina.core.ApplicationContext.log ContextListener: contextInitialized()
03-Jan-2021 00:54:39.795 信息 [main] org.apache.catalina.core.ApplicationContext.log SessionListener: contextInitialized()
03-Jan-2021 00:54:39.797 信息 [main] org.apache.catalina.core.ApplicationContext.log ContextListener: attributeAdded('StockTicker', 'async.Stockticker@4f67eb2a')
03-Jan-2021 00:56:14.974 信息 [main] org.apache.catalina.core.ApplicationContext.log SessionListener: contextDestroyed()
03-Jan-2021 00:56:14.974 信息 [main] org.apache.catalina.core.ApplicationContext.log ContextListener: contextDestroyed()
